[6.796s] Invoking command in 'C:\Users\engr-ugaif\IF2022-ros-sensors-workflow\ros-ecosystem\src\tau_lidar_pub': PYTHONPATH=C:\Users\engr-ugaif\IF2022-ros-sensors-workflow\ros-ecosystem\install\Lib\site-packages;%PYTHONPATH% c:\opt\ros\humble\x64\python.exe setup.py egg_info --egg-base ..\..\build\tau_lidar_pub build --build-base C:\Users\engr-ugaif\IF2022-ros-sensors-workflow\ros-ecosystem\build\tau_lidar_pub\build install --prefix C:\Users\engr-ugaif\IF2022-ros-sensors-workflow\ros-ecosystem\install --record C:\Users\engr-ugaif\IF2022-ros-sensors-workflow\ros-ecosystem\build\tau_lidar_pub\install.log --single-version-externally-managed
[8.625s] running egg_info
[8.703s] writing ..\..\build\tau_lidar_pub\tau_lidar_pub.egg-info\PKG-INFO
[8.703s] writing dependency_links to ..\..\build\tau_lidar_pub\tau_lidar_pub.egg-info\dependency_links.txt
[8.718s] writing requirements to ..\..\build\tau_lidar_pub\tau_lidar_pub.egg-info\requires.txt
[8.718s] writing top-level names to ..\..\build\tau_lidar_pub\tau_lidar_pub.egg-info\top_level.txt
[8.890s] reading manifest file '..\..\build\tau_lidar_pub\tau_lidar_pub.egg-info\SOURCES.txt'
[8.906s] writing manifest file '..\..\build\tau_lidar_pub\tau_lidar_pub.egg-info\SOURCES.txt'
[8.906s] running build
[8.906s] running build_py
[8.906s] running install
[8.906s] C:\opt\ros\humble\x64\Lib\site-packages\setuptools\command\install.py:34: SetuptoolsDeprecationWarning: setup.py install is deprecated. Use build and pip and other standards-based tools.
[8.906s]   warnings.warn(
[8.906s] running install_lib
[9.000s] running install_data
[9.093s] running install_egg_info
[9.187s] removing 'C:\Users\engr-ugaif\IF2022-ros-sensors-workflow\ros-ecosystem\install\Lib\site-packages\tau_lidar_pub-0.0.0-py3.10.egg-info' (and everything under it)
[9.187s] Copying ..\..\build\tau_lidar_pub\tau_lidar_pub.egg-info to C:\Users\engr-ugaif\IF2022-ros-sensors-workflow\ros-ecosystem\install\Lib\site-packages\tau_lidar_pub-0.0.0-py3.10.egg-info
[9.203s] running install_scripts
[9.500s] writing list of installed files to 'C:\Users\engr-ugaif\IF2022-ros-sensors-workflow\ros-ecosystem\build\tau_lidar_pub\install.log'
[9.531s] Invoked command in 'C:\Users\engr-ugaif\IF2022-ros-sensors-workflow\ros-ecosystem\src\tau_lidar_pub' returned '0': PYTHONPATH=C:\Users\engr-ugaif\IF2022-ros-sensors-workflow\ros-ecosystem\install\Lib\site-packages;%PYTHONPATH% c:\opt\ros\humble\x64\python.exe setup.py egg_info --egg-base ..\..\build\tau_lidar_pub build --build-base C:\Users\engr-ugaif\IF2022-ros-sensors-workflow\ros-ecosystem\build\tau_lidar_pub\build install --prefix C:\Users\engr-ugaif\IF2022-ros-sensors-workflow\ros-ecosystem\install --record C:\Users\engr-ugaif\IF2022-ros-sensors-workflow\ros-ecosystem\build\tau_lidar_pub\install.log --single-version-externally-managed
