[4.484s] Invoking command in 'C:\Users\engr-ugaif\IF2022-ros-sensors-workflow\ros-ecosystem\src\tau_lidar_pub': PYTHONPATH=C:\Users\engr-ugaif\IF2022-ros-sensors-workflow\ros-ecosystem\install\Lib\site-packages;%PYTHONPATH% c:\opt\ros\humble\x64\python.exe setup.py egg_info --egg-base ..\..\build\tau_lidar_pub build --build-base C:\Users\engr-ugaif\IF2022-ros-sensors-workflow\ros-ecosystem\build\tau_lidar_pub\build install --prefix C:\Users\engr-ugaif\IF2022-ros-sensors-workflow\ros-ecosystem\install --record C:\Users\engr-ugaif\IF2022-ros-sensors-workflow\ros-ecosystem\build\tau_lidar_pub\install.log --single-version-externally-managed
[5.609s] running egg_info
[5.609s] writing ..\..\build\tau_lidar_pub\tau_lidar_pub.egg-info\PKG-INFO
[5.609s] writing dependency_links to ..\..\build\tau_lidar_pub\tau_lidar_pub.egg-info\dependency_links.txt
[5.609s] writing entry points to ..\..\build\tau_lidar_pub\tau_lidar_pub.egg-info\entry_points.txt
[5.609s] writing requirements to ..\..\build\tau_lidar_pub\tau_lidar_pub.egg-info\requires.txt
[5.609s] writing top-level names to ..\..\build\tau_lidar_pub\tau_lidar_pub.egg-info\top_level.txt
[5.609s] reading manifest file '..\..\build\tau_lidar_pub\tau_lidar_pub.egg-info\SOURCES.txt'
[5.609s] writing manifest file '..\..\build\tau_lidar_pub\tau_lidar_pub.egg-info\SOURCES.txt'
[5.625s] running build
[5.625s] running build_py
[5.625s] running install
[5.625s] running install_lib
[5.625s] running install_data
[5.625s] running install_egg_info
[5.641s] removing 'C:\Users\engr-ugaif\IF2022-ros-sensors-workflow\ros-ecosystem\install\Lib\site-packages\tau_lidar_pub-0.0.0-py3.10.egg-info' (and everything under it)
[5.641s] Copying ..\..\build\tau_lidar_pub\tau_lidar_pub.egg-info to C:\Users\engr-ugaif\IF2022-ros-sensors-workflow\ros-ecosystem\install\Lib\site-packages\tau_lidar_pub-0.0.0-py3.10.egg-info
[5.672s] running install_scripts
[5.703s] writing list of installed files to 'C:\Users\engr-ugaif\IF2022-ros-sensors-workflow\ros-ecosystem\build\tau_lidar_pub\install.log'
[5.719s] Invoked command in 'C:\Users\engr-ugaif\IF2022-ros-sensors-workflow\ros-ecosystem\src\tau_lidar_pub' returned '0': PYTHONPATH=C:\Users\engr-ugaif\IF2022-ros-sensors-workflow\ros-ecosystem\install\Lib\site-packages;%PYTHONPATH% c:\opt\ros\humble\x64\python.exe setup.py egg_info --egg-base ..\..\build\tau_lidar_pub build --build-base C:\Users\engr-ugaif\IF2022-ros-sensors-workflow\ros-ecosystem\build\tau_lidar_pub\build install --prefix C:\Users\engr-ugaif\IF2022-ros-sensors-workflow\ros-ecosystem\install --record C:\Users\engr-ugaif\IF2022-ros-sensors-workflow\ros-ecosystem\build\tau_lidar_pub\install.log --single-version-externally-managed
