running egg_info
writing ..\..\build\webcam_capture\webcam_capture.egg-info\PKG-INFO
writing dependency_links to ..\..\build\webcam_capture\webcam_capture.egg-info\dependency_links.txt
writing entry points to ..\..\build\webcam_capture\webcam_capture.egg-info\entry_points.txt
writing requirements to ..\..\build\webcam_capture\webcam_capture.egg-info\requires.txt
writing top-level names to ..\..\build\webcam_capture\webcam_capture.egg-info\top_level.txt
reading manifest file '..\..\build\webcam_capture\webcam_capture.egg-info\SOURCES.txt'
writing manifest file '..\..\build\webcam_capture\webcam_capture.egg-info\SOURCES.txt'
running build
running build_py
running install
running install_lib
running install_data
running install_egg_info
removing 'C:\Users\engr-ugaif\IF2022-ros-sensors-workflow\ros-ecosystem\install\Lib\site-packages\webcam_capture-0.0.0-py3.10.egg-info' (and everything under it)
Copying ..\..\build\webcam_capture\webcam_capture.egg-info to C:\Users\engr-ugaif\IF2022-ros-sensors-workflow\ros-ecosystem\install\Lib\site-packages\webcam_capture-0.0.0-py3.10.egg-info
running install_scripts
Installing publisher-script.py script to C:\Users\engr-ugaif\IF2022-ros-sensors-workflow\ros-ecosystem\install\lib\webcam_capture
Installing publisher.exe script to C:\Users\engr-ugaif\IF2022-ros-sensors-workflow\ros-ecosystem\install\lib\webcam_capture
writing list of installed files to 'C:\Users\engr-ugaif\IF2022-ros-sensors-workflow\ros-ecosystem\build\webcam_capture\install.log'
