[4.500s] Invoking command in 'C:\Users\engr-ugaif\IF2022-ros-sensors-workflow\ros-ecosystem\src\webcam_publisher': PYTHONPATH=C:\Users\engr-ugaif\IF2022-ros-sensors-workflow\ros-ecosystem\install\Lib\site-packages;%PYTHONPATH% c:\opt\ros\humble\x64\python.exe setup.py egg_info --egg-base ..\..\build\webcam_publisher build --build-base C:\Users\engr-ugaif\IF2022-ros-sensors-workflow\ros-ecosystem\build\webcam_publisher\build install --prefix C:\Users\engr-ugaif\IF2022-ros-sensors-workflow\ros-ecosystem\install --record C:\Users\engr-ugaif\IF2022-ros-sensors-workflow\ros-ecosystem\build\webcam_publisher\install.log --single-version-externally-managed
[5.625s] running egg_info
[5.625s] writing ..\..\build\webcam_publisher\webcam_publisher.egg-info\PKG-INFO
[5.625s] writing dependency_links to ..\..\build\webcam_publisher\webcam_publisher.egg-info\dependency_links.txt
[5.625s] writing entry points to ..\..\build\webcam_publisher\webcam_publisher.egg-info\entry_points.txt
[5.625s] writing requirements to ..\..\build\webcam_publisher\webcam_publisher.egg-info\requires.txt
[5.625s] writing top-level names to ..\..\build\webcam_publisher\webcam_publisher.egg-info\top_level.txt
[5.640s] reading manifest file '..\..\build\webcam_publisher\webcam_publisher.egg-info\SOURCES.txt'
[5.640s] writing manifest file '..\..\build\webcam_publisher\webcam_publisher.egg-info\SOURCES.txt'
[5.640s] running build
[5.640s] running build_py
[5.640s] running install
[5.640s] running install_lib
[5.640s] running install_data
[5.640s] running install_egg_info
[5.656s] removing 'C:\Users\engr-ugaif\IF2022-ros-sensors-workflow\ros-ecosystem\install\Lib\site-packages\webcam_publisher-0.0.0-py3.10.egg-info' (and everything under it)
[5.656s] Copying ..\..\build\webcam_publisher\webcam_publisher.egg-info to C:\Users\engr-ugaif\IF2022-ros-sensors-workflow\ros-ecosystem\install\Lib\site-packages\webcam_publisher-0.0.0-py3.10.egg-info
[5.687s] running install_scripts
[5.719s] Installing pub-script.py script to C:\Users\engr-ugaif\IF2022-ros-sensors-workflow\ros-ecosystem\install\lib\webcam_publisher
[5.719s] Installing pub.exe script to C:\Users\engr-ugaif\IF2022-ros-sensors-workflow\ros-ecosystem\install\lib\webcam_publisher
[5.734s] writing list of installed files to 'C:\Users\engr-ugaif\IF2022-ros-sensors-workflow\ros-ecosystem\build\webcam_publisher\install.log'
[5.812s] Invoked command in 'C:\Users\engr-ugaif\IF2022-ros-sensors-workflow\ros-ecosystem\src\webcam_publisher' returned '0': PYTHONPATH=C:\Users\engr-ugaif\IF2022-ros-sensors-workflow\ros-ecosystem\install\Lib\site-packages;%PYTHONPATH% c:\opt\ros\humble\x64\python.exe setup.py egg_info --egg-base ..\..\build\webcam_publisher build --build-base C:\Users\engr-ugaif\IF2022-ros-sensors-workflow\ros-ecosystem\build\webcam_publisher\build install --prefix C:\Users\engr-ugaif\IF2022-ros-sensors-workflow\ros-ecosystem\install --record C:\Users\engr-ugaif\IF2022-ros-sensors-workflow\ros-ecosystem\build\webcam_publisher\install.log --single-version-externally-managed
