[1.904s] [34mcolcon[0m [1;30mDEBUG[0m [32mCommand line arguments: ['C:\\opt\\ros\\humble\\x64\\Scripts\\colcon', 'build'][0m
[1.904s] [34mcolcon[0m [1;30mDEBUG[0m [32mParsed command line arguments: Namespace(log_base=None, log_level=None, verb_name='build', build_base='build', install_base='install', merge_install=False, symlink_install=False, test_result_base=None, continue_on_error=False, executor='parallel', parallel_workers=16, event_handlers=None, ignore_user_meta=False, metas=['./colcon.meta'], base_paths=['.'], packages_ignore=None, packages_ignore_regex=None, paths=None, packages_up_to=None, packages_up_to_regex=None, packages_above=None, packages_above_and_dependencies=None, packages_above_depth=None, packages_select_by_dep=None, packages_skip_by_dep=None, packages_skip_up_to=None, packages_select_build_failed=False, packages_skip_build_finished=False, packages_select_test_failures=False, packages_skip_test_passed=False, packages_select=None, packages_skip=None, packages_select_regex=None, packages_skip_regex=None, packages_start=None, packages_end=None, cmake_args=None, cmake_target=None, cmake_target_skip_unavailable=False, cmake_clean_cache=False, cmake_clean_first=False, cmake_force_configure=False, ament_cmake_args=None, catkin_cmake_args=None, catkin_skip_building_tests=False, verb_parser=<colcon_defaults.argument_parser.defaults.DefaultArgumentsDecorator object at 0x0000023497DBDD20>, verb_extension=<colcon_core.verb.build.BuildVerb object at 0x00000234974D98A0>, main=<bound method BuildVerb.main of <colcon_core.verb.build.BuildVerb object at 0x00000234974D98A0>>)[0m
[2.100s] [34mcolcon.colcon_core.package_discovery[0m [1;30mLevel 1[0m discover_packages(colcon_meta) check parameters
[2.100s] [34mcolcon.colcon_core.package_discovery[0m [1;30mLevel 1[0m discover_packages(recursive) check parameters
[2.100s] [34mcolcon.colcon_core.package_discovery[0m [1;30mLevel 1[0m discover_packages(ignore) check parameters
[2.100s] [34mcolcon.colcon_core.package_discovery[0m [1;30mLevel 1[0m discover_packages(path) check parameters
[2.100s] [34mcolcon.colcon_core.package_discovery[0m [1;30mLevel 1[0m discover_packages(colcon_meta) discover
[2.100s] [34mcolcon.colcon_core.package_discovery[0m [1;30mLevel 1[0m discover_packages(recursive) discover
[2.100s] [34mcolcon.colcon_core.package_discovery[0m [1;30mINFO[0m Crawling recursively for packages in 'C:\Users\engr-ugaif\ros2_ws'
[2.100s] [34mcolcon.colcon_core.package_identification[0m [1;30mLevel 1[0m _identify(.) by extensions ['ignore', 'ignore_ament_install']
[2.100s] [34mcolcon.colcon_core.package_identification[0m [1;30mLevel 1[0m _identify(.) by extension 'ignore'
[2.100s] [34mcolcon.colcon_core.package_identification[0m [1;30mLevel 1[0m _identify(.) by extension 'ignore_ament_install'
[2.100s] [34mcolcon.colcon_core.package_identification[0m [1;30mLevel 1[0m _identify(.) by extensions ['colcon_pkg']
[2.100s] [34mcolcon.colcon_core.package_identification[0m [1;30mLevel 1[0m _identify(.) by extension 'colcon_pkg'
[2.100s] [34mcolcon.colcon_core.package_identification[0m [1;30mLevel 1[0m _identify(.) by extensions ['colcon_meta']
[2.100s] [34mcolcon.colcon_core.package_identification[0m [1;30mLevel 1[0m _identify(.) by extension 'colcon_meta'
[2.100s] [34mcolcon.colcon_core.package_identification[0m [1;30mLevel 1[0m _identify(.) by extensions ['ros']
[2.100s] [34mcolcon.colcon_core.package_identification[0m [1;30mLevel 1[0m _identify(.) by extension 'ros'
[2.145s] [34mcolcon.colcon_core.package_identification[0m [1;30mLevel 1[0m _identify(.) by extensions ['cmake', 'python']
[2.145s] [34mcolcon.colcon_core.package_identification[0m [1;30mLevel 1[0m _identify(.) by extension 'cmake'
[2.145s] [34mcolcon.colcon_core.package_identification[0m [1;30mLevel 1[0m _identify(.) by extension 'python'
[2.145s] [34mcolcon.colcon_core.package_identification[0m [1;30mLevel 1[0m _identify(.) by extensions ['python_setup_py']
[2.145s] [34mcolcon.colcon_core.package_identification[0m [1;30mLevel 1[0m _identify(.) by extension 'python_setup_py'
[2.146s] [34mcolcon.colcon_core.package_identification[0m [1;30mLevel 1[0m _identify(build) by extensions ['ignore', 'ignore_ament_install']
[2.146s] [34mcolcon.colcon_core.package_identification[0m [1;30mLevel 1[0m _identify(build) by extension 'ignore'
[2.146s] [34mcolcon.colcon_core.package_identification[0m [1;30mLevel 1[0m _identify(build) ignored
[2.146s] [34mcolcon.colcon_core.package_identification[0m [1;30mLevel 1[0m _identify(install) by extensions ['ignore', 'ignore_ament_install']
[2.146s] [34mcolcon.colcon_core.package_identification[0m [1;30mLevel 1[0m _identify(install) by extension 'ignore'
[2.146s] [34mcolcon.colcon_core.package_identification[0m [1;30mLevel 1[0m _identify(install) ignored
[2.147s] [34mcolcon.colcon_core.package_identification[0m [1;30mLevel 1[0m _identify(log) by extensions ['ignore', 'ignore_ament_install']
[2.147s] [34mcolcon.colcon_core.package_identification[0m [1;30mLevel 1[0m _identify(log) by extension 'ignore'
[2.147s] [34mcolcon.colcon_core.package_identification[0m [1;30mLevel 1[0m _identify(log) ignored
[2.147s] [34mcolcon.colcon_core.package_identification[0m [1;30mLevel 1[0m _identify(src) by extensions ['ignore', 'ignore_ament_install']
[2.147s] [34mcolcon.colcon_core.package_identification[0m [1;30mLevel 1[0m _identify(src) by extension 'ignore'
[2.147s] [34mcolcon.colcon_core.package_identification[0m [1;30mLevel 1[0m _identify(src) by extension 'ignore_ament_install'
[2.147s] [34mcolcon.colcon_core.package_identification[0m [1;30mLevel 1[0m _identify(src) by extensions ['colcon_pkg']
[2.147s] [34mcolcon.colcon_core.package_identification[0m [1;30mLevel 1[0m _identify(src) by extension 'colcon_pkg'
[2.148s] [34mcolcon.colcon_core.package_identification[0m [1;30mLevel 1[0m _identify(src) by extensions ['colcon_meta']
[2.148s] [34mcolcon.colcon_core.package_identification[0m [1;30mLevel 1[0m _identify(src) by extension 'colcon_meta'
[2.148s] [34mcolcon.colcon_core.package_identification[0m [1;30mLevel 1[0m _identify(src) by extensions ['ros']
[2.148s] [34mcolcon.colcon_core.package_identification[0m [1;30mLevel 1[0m _identify(src) by extension 'ros'
[2.148s] [34mcolcon.colcon_core.package_identification[0m [1;30mLevel 1[0m _identify(src) by extensions ['cmake', 'python']
[2.148s] [34mcolcon.colcon_core.package_identification[0m [1;30mLevel 1[0m _identify(src) by extension 'cmake'
[2.148s] [34mcolcon.colcon_core.package_identification[0m [1;30mLevel 1[0m _identify(src) by extension 'python'
[2.148s] [34mcolcon.colcon_core.package_identification[0m [1;30mLevel 1[0m _identify(src) by extensions ['python_setup_py']
[2.148s] [34mcolcon.colcon_core.package_identification[0m [1;30mLevel 1[0m _identify(src) by extension 'python_setup_py'
[2.149s] [34mcolcon.colcon_core.package_identification[0m [1;30mLevel 1[0m _identify(src\ros2_mediapipe) by extensions ['ignore', 'ignore_ament_install']
[2.149s] [34mcolcon.colcon_core.package_identification[0m [1;30mLevel 1[0m _identify(src\ros2_mediapipe) by extension 'ignore'
[2.149s] [34mcolcon.colcon_core.package_identification[0m [1;30mLevel 1[0m _identify(src\ros2_mediapipe) by extension 'ignore_ament_install'
[2.149s] [34mcolcon.colcon_core.package_identification[0m [1;30mLevel 1[0m _identify(src\ros2_mediapipe) by extensions ['colcon_pkg']
[2.149s] [34mcolcon.colcon_core.package_identification[0m [1;30mLevel 1[0m _identify(src\ros2_mediapipe) by extension 'colcon_pkg'
[2.149s] [34mcolcon.colcon_core.package_identification[0m [1;30mLevel 1[0m _identify(src\ros2_mediapipe) by extensions ['colcon_meta']
[2.149s] [34mcolcon.colcon_core.package_identification[0m [1;30mLevel 1[0m _identify(src\ros2_mediapipe) by extension 'colcon_meta'
[2.149s] [34mcolcon.colcon_core.package_identification[0m [1;30mLevel 1[0m _identify(src\ros2_mediapipe) by extensions ['ros']
[2.149s] [34mcolcon.colcon_core.package_identification[0m [1;30mLevel 1[0m _identify(src\ros2_mediapipe) by extension 'ros'
[2.156s] [34mcolcon.colcon_core.package_identification[0m [1;30mDEBUG[0m [32mPackage 'src\ros2_mediapipe' with type 'ros.ament_cmake' and name 'mediapipe_ros'[0m
[2.157s] [34mcolcon.colcon_core.package_discovery[0m [1;30mLevel 1[0m discover_packages(recursive) using defaults
[2.157s] [34mcolcon.colcon_core.package_discovery[0m [1;30mLevel 1[0m discover_packages(ignore) discover
[2.157s] [34mcolcon.colcon_core.package_discovery[0m [1;30mLevel 1[0m discover_packages(ignore) using defaults
[2.157s] [34mcolcon.colcon_core.package_discovery[0m [1;30mLevel 1[0m discover_packages(path) discover
[2.157s] [34mcolcon.colcon_core.package_discovery[0m [1;30mLevel 1[0m discover_packages(path) using defaults
[2.227s] [34mcolcon.colcon_core.verb[0m [1;30mLevel 5[0m set package 'mediapipe_ros' build argument 'cmake_args' from command line to 'None'
[2.227s] [34mcolcon.colcon_core.verb[0m [1;30mLevel 5[0m set package 'mediapipe_ros' build argument 'cmake_target' from command line to 'None'
[2.227s] [34mcolcon.colcon_core.verb[0m [1;30mLevel 5[0m set package 'mediapipe_ros' build argument 'cmake_target_skip_unavailable' from command line to 'False'
[2.227s] [34mcolcon.colcon_core.verb[0m [1;30mLevel 5[0m set package 'mediapipe_ros' build argument 'cmake_clean_cache' from command line to 'False'
[2.227s] [34mcolcon.colcon_core.verb[0m [1;30mLevel 5[0m set package 'mediapipe_ros' build argument 'cmake_clean_first' from command line to 'False'
[2.227s] [34mcolcon.colcon_core.verb[0m [1;30mLevel 5[0m set package 'mediapipe_ros' build argument 'cmake_force_configure' from command line to 'False'
[2.227s] [34mcolcon.colcon_core.verb[0m [1;30mLevel 5[0m set package 'mediapipe_ros' build argument 'ament_cmake_args' from command line to 'None'
[2.227s] [34mcolcon.colcon_core.verb[0m [1;30mLevel 5[0m set package 'mediapipe_ros' build argument 'catkin_cmake_args' from command line to 'None'
[2.227s] [34mcolcon.colcon_core.verb[0m [1;30mLevel 5[0m set package 'mediapipe_ros' build argument 'catkin_skip_building_tests' from command line to 'False'
[2.227s] [34mcolcon.colcon_core.verb[0m [1;30mDEBUG[0m [32mBuilding package 'mediapipe_ros' with the following arguments: {'ament_cmake_args': None, 'build_base': 'C:\\Users\\engr-ugaif\\ros2_ws\\build\\mediapipe_ros', 'catkin_cmake_args': None, 'catkin_skip_building_tests': False, 'cmake_args': None, 'cmake_clean_cache': False, 'cmake_clean_first': False, 'cmake_force_configure': False, 'cmake_target': None, 'cmake_target_skip_unavailable': False, 'install_base': 'C:\\Users\\engr-ugaif\\ros2_ws\\install\\mediapipe_ros', 'merge_install': False, 'path': 'C:\\Users\\engr-ugaif\\ros2_ws\\src\\ros2_mediapipe', 'symlink_install': False, 'test_result_base': None}[0m
[2.227s] [34mcolcon.colcon_core.executor[0m [1;30mINFO[0m Executing jobs using 'parallel' executor
[2.247s] [34mcolcon.colcon_parallel_executor.executor.parallel[0m [1;30mDEBUG[0m [32mrun_until_complete[0m
[2.247s] [34mcolcon.colcon_ros.task.ament_cmake.build[0m [1;30mINFO[0m Building ROS package in 'C:\Users\engr-ugaif\ros2_ws\src\ros2_mediapipe' with build type 'ament_cmake'
[2.247s] [34mcolcon.colcon_cmake.task.cmake.build[0m [1;30mINFO[0m Building CMake package in 'C:\Users\engr-ugaif\ros2_ws\src\ros2_mediapipe'
[2.257s] [34mcolcon.colcon_core.plugin_system[0m [1;30mINFO[0m Skipping extension 'colcon_core.shell.sh': Not used on Windows systems
[2.257s] [34mcolcon.colcon_core.shell[0m [1;30mINFO[0m Skip shell extension 'powershell' for command environment: Not usable outside of PowerShell
[2.267s] [34mcolcon.colcon_ros.prefix_path.catkin[0m [1;30mWARNING[0m [33mThe path 'C:\opt\ros\humble\x64\tools\vcpkg\installed\x64-windows' in the environment variable CMAKE_PREFIX_PATH doesn't exist[0m
[2.267s] [34mcolcon.colcon_ros.prefix_path.catkin[0m [1;30mWARNING[0m [33mThe path 'c:\opt\ros\humble\x64\tools\vcpkg\installed\x64-windows' in the environment variable CMAKE_PREFIX_PATH doesn't exist[0m
[2.685s] [34mcolcon.colcon_core.event_handler.log_command[0m [1;30mDEBUG[0m [32mInvoking command in 'C:\Users\engr-ugaif\ros2_ws\build\mediapipe_ros': C:\opt\ros\humble\x64\Scripts\cmake.EXE C:\Users\engr-ugaif\ros2_ws\src\ros2_mediapipe -DCMAKE_INSTALL_PREFIX=C:\Users\engr-ugaif\ros2_ws\install\mediapipe_ros -G Visual Studio 16 2019[0m
[18.450s] [34mcolcon.colcon_core.event_handler.log_command[0m [1;30mDEBUG[0m [32mInvoked command in 'C:\Users\engr-ugaif\ros2_ws\build\mediapipe_ros' returned '0': C:\opt\ros\humble\x64\Scripts\cmake.EXE C:\Users\engr-ugaif\ros2_ws\src\ros2_mediapipe -DCMAKE_INSTALL_PREFIX=C:\Users\engr-ugaif\ros2_ws\install\mediapipe_ros -G Visual Studio 16 2019[0m
[18.450s] [34mcolcon.colcon_core.event_handler.log_command[0m [1;30mDEBUG[0m [32mInvoking command in 'C:\Users\engr-ugaif\ros2_ws\build\mediapipe_ros': CL=/MP C:\opt\ros\humble\x64\Scripts\cmake.EXE --build C:\Users\engr-ugaif\ros2_ws\build\mediapipe_ros --config Release[0m
[21.830s] [34mcolcon.colcon_core.event_handler.log_command[0m [1;30mDEBUG[0m [32mInvoked command in 'C:\Users\engr-ugaif\ros2_ws\build\mediapipe_ros' returned '0': CL=/MP C:\opt\ros\humble\x64\Scripts\cmake.EXE --build C:\Users\engr-ugaif\ros2_ws\build\mediapipe_ros --config Release[0m
[22.067s] [34mcolcon.colcon_core.event_handler.log_command[0m [1;30mDEBUG[0m [32mInvoking command in 'C:\Users\engr-ugaif\ros2_ws\build\mediapipe_ros': C:\opt\ros\humble\x64\Scripts\cmake.EXE --install C:\Users\engr-ugaif\ros2_ws\build\mediapipe_ros --config Release[0m
[22.533s] [34mcolcon.colcon_core.environment[0m [1;30mLevel 1[0m create_environment_scripts_only(mediapipe_ros)
[22.534s] [34mcolcon.colcon_core.event_handler.log_command[0m [1;30mDEBUG[0m [32mInvoked command in 'C:\Users\engr-ugaif\ros2_ws\build\mediapipe_ros' returned '0': C:\opt\ros\humble\x64\Scripts\cmake.EXE --install C:\Users\engr-ugaif\ros2_ws\build\mediapipe_ros --config Release[0m
[22.602s] [34mcolcon.colcon_core.environment[0m [1;30mLevel 1[0m checking 'C:\Users\engr-ugaif\ros2_ws\install\mediapipe_ros' for CMake module files
[22.604s] [34mcolcon.colcon_core.environment[0m [1;30mLevel 1[0m checking 'C:\Users\engr-ugaif\ros2_ws\install\mediapipe_ros' for CMake config files
[22.605s] [34mcolcon.colcon_core.shell[0m [1;30mLevel 1[0m create_environment_hook('mediapipe_ros', 'cmake_prefix_path')
[22.610s] [34mcolcon.colcon_core.shell[0m [1;30mINFO[0m Creating environment hook 'C:\Users\engr-ugaif\ros2_ws\install\mediapipe_ros\share\mediapipe_ros\hook\cmake_prefix_path.ps1'
[22.614s] [34mcolcon.colcon_core.shell[0m [1;30mINFO[0m Creating environment hook 'C:\Users\engr-ugaif\ros2_ws\install\mediapipe_ros\share\mediapipe_ros\hook\cmake_prefix_path.bat'
[22.619s] [34mcolcon.colcon_core.shell[0m [1;30mINFO[0m Creating environment descriptor 'C:\Users\engr-ugaif\ros2_ws\install\mediapipe_ros\share\mediapipe_ros\hook\cmake_prefix_path.dsv'
[22.623s] [34mcolcon.colcon_core.environment[0m [1;30mLevel 1[0m checking 'C:\Users\engr-ugaif\ros2_ws\install\mediapipe_ros\bin'
[22.623s] [34mcolcon.colcon_core.environment[0m [1;30mLevel 1[0m checking 'C:\Users\engr-ugaif\ros2_ws\install\mediapipe_ros\bin'
[22.623s] [34mcolcon.colcon_core.environment[0m [1;30mLevel 1[0m checking 'C:\Users\engr-ugaif\ros2_ws\install\mediapipe_ros\lib\pkgconfig\mediapipe_ros.pc'
[22.624s] [34mcolcon.colcon_core.environment[0m [1;30mLevel 1[0m checking 'C:\Users\engr-ugaif\ros2_ws\install\mediapipe_ros\Lib\site-packages'
[22.624s] [34mcolcon.colcon_core.shell[0m [1;30mLevel 1[0m create_environment_hook('mediapipe_ros', 'pythonpath')
[22.628s] [34mcolcon.colcon_core.shell[0m [1;30mINFO[0m Creating environment hook 'C:\Users\engr-ugaif\ros2_ws\install\mediapipe_ros\share\mediapipe_ros\hook\pythonpath.ps1'
[22.631s] [34mcolcon.colcon_core.shell[0m [1;30mINFO[0m Creating environment hook 'C:\Users\engr-ugaif\ros2_ws\install\mediapipe_ros\share\mediapipe_ros\hook\pythonpath.bat'
[22.634s] [34mcolcon.colcon_core.shell[0m [1;30mINFO[0m Creating environment descriptor 'C:\Users\engr-ugaif\ros2_ws\install\mediapipe_ros\share\mediapipe_ros\hook\pythonpath.dsv'
[22.636s] [34mcolcon.colcon_core.environment[0m [1;30mLevel 1[0m checking 'C:\Users\engr-ugaif\ros2_ws\install\mediapipe_ros\Scripts'
[22.641s] [34mcolcon.colcon_core.shell[0m [1;30mINFO[0m Creating package script 'C:\Users\engr-ugaif\ros2_ws\install\mediapipe_ros\share\mediapipe_ros\package.ps1'
[22.646s] [34mcolcon.colcon_core.shell[0m [1;30mINFO[0m Creating package script 'C:\Users\engr-ugaif\ros2_ws\install\mediapipe_ros\share\mediapipe_ros\package.bat'
[22.651s] [34mcolcon.colcon_core.shell[0m [1;30mINFO[0m Creating package descriptor 'C:\Users\engr-ugaif\ros2_ws\install\mediapipe_ros\share\mediapipe_ros\package.dsv'
[22.654s] [34mcolcon.colcon_core.environment[0m [1;30mLevel 1[0m create_file_with_runtime_dependencies(C:\Users\engr-ugaif\ros2_ws\install\mediapipe_ros\share\colcon-core\packages\mediapipe_ros)
[22.662s] [34mcolcon.colcon_core.environment[0m [1;30mLevel 1[0m create_environment_scripts_only(mediapipe_ros)
[22.670s] [34mcolcon.colcon_core.environment[0m [1;30mLevel 1[0m checking 'C:\Users\engr-ugaif\ros2_ws\install\mediapipe_ros' for CMake module files
[22.672s] [34mcolcon.colcon_core.environment[0m [1;30mLevel 1[0m checking 'C:\Users\engr-ugaif\ros2_ws\install\mediapipe_ros' for CMake config files
[22.674s] [34mcolcon.colcon_core.shell[0m [1;30mLevel 1[0m create_environment_hook('mediapipe_ros', 'cmake_prefix_path')
[22.678s] [34mcolcon.colcon_core.shell[0m [1;30mINFO[0m Creating environment hook 'C:\Users\engr-ugaif\ros2_ws\install\mediapipe_ros\share\mediapipe_ros\hook\cmake_prefix_path.ps1'
[22.682s] [34mcolcon.colcon_core.shell[0m [1;30mINFO[0m Creating environment hook 'C:\Users\engr-ugaif\ros2_ws\install\mediapipe_ros\share\mediapipe_ros\hook\cmake_prefix_path.bat'
[22.685s] [34mcolcon.colcon_core.shell[0m [1;30mINFO[0m Creating environment descriptor 'C:\Users\engr-ugaif\ros2_ws\install\mediapipe_ros\share\mediapipe_ros\hook\cmake_prefix_path.dsv'
[22.687s] [34mcolcon.colcon_core.environment[0m [1;30mLevel 1[0m checking 'C:\Users\engr-ugaif\ros2_ws\install\mediapipe_ros\bin'
[22.687s] [34mcolcon.colcon_core.environment[0m [1;30mLevel 1[0m checking 'C:\Users\engr-ugaif\ros2_ws\install\mediapipe_ros\bin'
[22.687s] [34mcolcon.colcon_core.environment[0m [1;30mLevel 1[0m checking 'C:\Users\engr-ugaif\ros2_ws\install\mediapipe_ros\lib\pkgconfig\mediapipe_ros.pc'
[22.688s] [34mcolcon.colcon_core.environment[0m [1;30mLevel 1[0m checking 'C:\Users\engr-ugaif\ros2_ws\install\mediapipe_ros\Lib\site-packages'
[22.688s] [34mcolcon.colcon_core.shell[0m [1;30mLevel 1[0m create_environment_hook('mediapipe_ros', 'pythonpath')
[22.692s] [34mcolcon.colcon_core.shell[0m [1;30mINFO[0m Creating environment hook 'C:\Users\engr-ugaif\ros2_ws\install\mediapipe_ros\share\mediapipe_ros\hook\pythonpath.ps1'
[22.695s] [34mcolcon.colcon_core.shell[0m [1;30mINFO[0m Creating environment hook 'C:\Users\engr-ugaif\ros2_ws\install\mediapipe_ros\share\mediapipe_ros\hook\pythonpath.bat'
[22.697s] [34mcolcon.colcon_core.shell[0m [1;30mINFO[0m Creating environment descriptor 'C:\Users\engr-ugaif\ros2_ws\install\mediapipe_ros\share\mediapipe_ros\hook\pythonpath.dsv'
[22.700s] [34mcolcon.colcon_core.environment[0m [1;30mLevel 1[0m checking 'C:\Users\engr-ugaif\ros2_ws\install\mediapipe_ros\Scripts'
[22.705s] [34mcolcon.colcon_core.shell[0m [1;30mINFO[0m Creating package script 'C:\Users\engr-ugaif\ros2_ws\install\mediapipe_ros\share\mediapipe_ros\package.ps1'
[22.709s] [34mcolcon.colcon_core.shell[0m [1;30mINFO[0m Creating package script 'C:\Users\engr-ugaif\ros2_ws\install\mediapipe_ros\share\mediapipe_ros\package.bat'
[22.711s] [34mcolcon.colcon_core.shell[0m [1;30mINFO[0m Creating package descriptor 'C:\Users\engr-ugaif\ros2_ws\install\mediapipe_ros\share\mediapipe_ros\package.dsv'
[22.714s] [34mcolcon.colcon_core.environment[0m [1;30mLevel 1[0m create_file_with_runtime_dependencies(C:\Users\engr-ugaif\ros2_ws\install\mediapipe_ros\share\colcon-core\packages\mediapipe_ros)
[22.715s] [34mcolcon.colcon_parallel_executor.executor.parallel[0m [1;30mDEBUG[0m [32mrun_until_complete finished with '0'[0m
[22.716s] [34mcolcon.colcon_core.event_reactor[0m [1;30mDEBUG[0m [32mjoining thread[0m
[22.740s] [34mcolcon.colcon_core.plugin_system[0m [1;30mINFO[0m Skipping extension 'colcon_notification.desktop_notification.notify2': 'notify2' not found
[22.740s] [34mcolcon.colcon_core.plugin_system[0m [1;30mINFO[0m Skipping extension 'colcon_notification.desktop_notification.notify_send': Not used on non-Linux systems
[22.740s] [34mcolcon.colcon_core.plugin_system[0m [1;30mINFO[0m Skipping extension 'colcon_notification.desktop_notification.terminal_notifier': Not used on non-Darwin systems
[22.740s] [34mcolcon.colcon_notification.desktop_notification[0m [1;30mINFO[0m Sending desktop notification using 'win32'
[27.778s] [34mcolcon.colcon_core.event_reactor[0m [1;30mDEBUG[0m [32mjoined thread[0m
[27.784s] [34mcolcon.colcon_core.shell[0m [1;30mINFO[0m Creating prefix script 'C:\Users\engr-ugaif\ros2_ws\install\local_setup.ps1'
[27.789s] [34mcolcon.colcon_core.shell[0m [1;30mINFO[0m Creating prefix util module 'C:\Users\engr-ugaif\ros2_ws\install\_local_setup_util_ps1.py'
[27.793s] [34mcolcon.colcon_core.shell[0m [1;30mINFO[0m Creating prefix chain script 'C:\Users\engr-ugaif\ros2_ws\install\setup.ps1'
[27.803s] [34mcolcon.colcon_core.shell[0m [1;30mINFO[0m Creating prefix script 'C:\Users\engr-ugaif\ros2_ws\install\local_setup.bat'
[27.803s] [34mcolcon.colcon_core.shell[0m [1;30mINFO[0m Creating prefix util module 'C:\Users\engr-ugaif\ros2_ws\install\_local_setup_util_bat.py'
[27.813s] [34mcolcon.colcon_core.shell[0m [1;30mINFO[0m Creating prefix chain script 'C:\Users\engr-ugaif\ros2_ws\install\setup.bat'
