running egg_info
writing ..\..\build\webcam_publisher\webcam_publisher.egg-info\PKG-INFO
writing dependency_links to ..\..\build\webcam_publisher\webcam_publisher.egg-info\dependency_links.txt
writing entry points to ..\..\build\webcam_publisher\webcam_publisher.egg-info\entry_points.txt
writing requirements to ..\..\build\webcam_publisher\webcam_publisher.egg-info\requires.txt
writing top-level names to ..\..\build\webcam_publisher\webcam_publisher.egg-info\top_level.txt
reading manifest file '..\..\build\webcam_publisher\webcam_publisher.egg-info\SOURCES.txt'
writing manifest file '..\..\build\webcam_publisher\webcam_publisher.egg-info\SOURCES.txt'
running build
running build_py
running install
C:\opt\ros\humble\x64\Lib\site-packages\setuptools\command\install.py:34: SetuptoolsDeprecationWarning: setup.py install is deprecated. Use build and pip and other standards-based tools.
  warnings.warn(
running install_lib
running install_data
running install_egg_info
removing 'C:\Users\engr-ugaif\IF2022-ros-sensors-workflow\ros-ecosystem\install\Lib\site-packages\webcam_publisher-0.0.0-py3.10.egg-info' (and everything under it)
Copying ..\..\build\webcam_publisher\webcam_publisher.egg-info to C:\Users\engr-ugaif\IF2022-ros-sensors-workflow\ros-ecosystem\install\Lib\site-packages\webcam_publisher-0.0.0-py3.10.egg-info
running install_scripts
Installing pub-script.py script to C:\Users\engr-ugaif\IF2022-ros-sensors-workflow\ros-ecosystem\install\lib\webcam_publisher
Installing pub.exe script to C:\Users\engr-ugaif\IF2022-ros-sensors-workflow\ros-ecosystem\install\lib\webcam_publisher
writing list of installed files to 'C:\Users\engr-ugaif\IF2022-ros-sensors-workflow\ros-ecosystem\build\webcam_publisher\install.log'
