[6.734s] Invoking command in 'C:\Users\engr-ugaif\IF2022-ros-sensors-workflow\ros-ecosystem\src\webcam_publisher': PYTHONPATH=C:\Users\engr-ugaif\IF2022-ros-sensors-workflow\ros-ecosystem\install\Lib\site-packages;%PYTHONPATH% c:\opt\ros\humble\x64\python.exe setup.py egg_info --egg-base ..\..\build\webcam_publisher build --build-base C:\Users\engr-ugaif\IF2022-ros-sensors-workflow\ros-ecosystem\build\webcam_publisher\build install --prefix C:\Users\engr-ugaif\IF2022-ros-sensors-workflow\ros-ecosystem\install --record C:\Users\engr-ugaif\IF2022-ros-sensors-workflow\ros-ecosystem\build\webcam_publisher\install.log --single-version-externally-managed
[8.562s] running egg_info
[8.656s] writing ..\..\build\webcam_publisher\webcam_publisher.egg-info\PKG-INFO
[8.656s] writing dependency_links to ..\..\build\webcam_publisher\webcam_publisher.egg-info\dependency_links.txt
[8.656s] writing entry points to ..\..\build\webcam_publisher\webcam_publisher.egg-info\entry_points.txt
[8.656s] writing requirements to ..\..\build\webcam_publisher\webcam_publisher.egg-info\requires.txt
[8.656s] writing top-level names to ..\..\build\webcam_publisher\webcam_publisher.egg-info\top_level.txt
[8.828s] reading manifest file '..\..\build\webcam_publisher\webcam_publisher.egg-info\SOURCES.txt'
[8.843s] writing manifest file '..\..\build\webcam_publisher\webcam_publisher.egg-info\SOURCES.txt'
[8.843s] running build
[8.843s] running build_py
[8.843s] running install
[8.843s] C:\opt\ros\humble\x64\Lib\site-packages\setuptools\command\install.py:34: SetuptoolsDeprecationWarning: setup.py install is deprecated. Use build and pip and other standards-based tools.
[8.843s]   warnings.warn(
[8.843s] running install_lib
[8.953s] running install_data
[9.031s] running install_egg_info
[9.125s] removing 'C:\Users\engr-ugaif\IF2022-ros-sensors-workflow\ros-ecosystem\install\Lib\site-packages\webcam_publisher-0.0.0-py3.10.egg-info' (and everything under it)
[9.140s] Copying ..\..\build\webcam_publisher\webcam_publisher.egg-info to C:\Users\engr-ugaif\IF2022-ros-sensors-workflow\ros-ecosystem\install\Lib\site-packages\webcam_publisher-0.0.0-py3.10.egg-info
[9.156s] running install_scripts
[9.437s] Installing pub-script.py script to C:\Users\engr-ugaif\IF2022-ros-sensors-workflow\ros-ecosystem\install\lib\webcam_publisher
[9.437s] Installing pub.exe script to C:\Users\engr-ugaif\IF2022-ros-sensors-workflow\ros-ecosystem\install\lib\webcam_publisher
[9.453s] writing list of installed files to 'C:\Users\engr-ugaif\IF2022-ros-sensors-workflow\ros-ecosystem\build\webcam_publisher\install.log'
[9.500s] Invoked command in 'C:\Users\engr-ugaif\IF2022-ros-sensors-workflow\ros-ecosystem\src\webcam_publisher' returned '0': PYTHONPATH=C:\Users\engr-ugaif\IF2022-ros-sensors-workflow\ros-ecosystem\install\Lib\site-packages;%PYTHONPATH% c:\opt\ros\humble\x64\python.exe setup.py egg_info --egg-base ..\..\build\webcam_publisher build --build-base C:\Users\engr-ugaif\IF2022-ros-sensors-workflow\ros-ecosystem\build\webcam_publisher\build install --prefix C:\Users\engr-ugaif\IF2022-ros-sensors-workflow\ros-ecosystem\install --record C:\Users\engr-ugaif\IF2022-ros-sensors-workflow\ros-ecosystem\build\webcam_publisher\install.log --single-version-externally-managed
