[1.979s] [34mcolcon[0m [1;30mDEBUG[0m [32mCommand line arguments: ['C:\\opt\\ros\\humble\\x64\\Scripts\\colcon', 'build', '--merge-install'][0m
[1.979s] [34mcolcon[0m [1;30mDEBUG[0m [32mParsed command line arguments: Namespace(log_base=None, log_level=None, verb_name='build', build_base='build', install_base='install', merge_install=True, symlink_install=False, test_result_base=None, continue_on_error=False, executor='parallel', parallel_workers=16, event_handlers=None, ignore_user_meta=False, metas=['./colcon.meta'], base_paths=['.'], packages_ignore=None, packages_ignore_regex=None, paths=None, packages_up_to=None, packages_up_to_regex=None, packages_above=None, packages_above_and_dependencies=None, packages_above_depth=None, packages_select_by_dep=None, packages_skip_by_dep=None, packages_skip_up_to=None, packages_select_build_failed=False, packages_skip_build_finished=False, packages_select_test_failures=False, packages_skip_test_passed=False, packages_select=None, packages_skip=None, packages_select_regex=None, packages_skip_regex=None, packages_start=None, packages_end=None, cmake_args=None, cmake_target=None, cmake_target_skip_unavailable=False, cmake_clean_cache=False, cmake_clean_first=False, cmake_force_configure=False, ament_cmake_args=None, catkin_cmake_args=None, catkin_skip_building_tests=False, verb_parser=<colcon_defaults.argument_parser.defaults.DefaultArgumentsDecorator object at 0x00000146DD0BD900>, verb_extension=<colcon_core.verb.build.BuildVerb object at 0x00000146DD0BD6F0>, main=<bound method BuildVerb.main of <colcon_core.verb.build.BuildVerb object at 0x00000146DD0BD6F0>>)[0m
[2.111s] [34mcolcon.colcon_core.package_discovery[0m [1;30mLevel 1[0m discover_packages(colcon_meta) check parameters
[2.112s] [34mcolcon.colcon_core.package_discovery[0m [1;30mLevel 1[0m discover_packages(recursive) check parameters
[2.112s] [34mcolcon.colcon_core.package_discovery[0m [1;30mLevel 1[0m discover_packages(ignore) check parameters
[2.112s] [34mcolcon.colcon_core.package_discovery[0m [1;30mLevel 1[0m discover_packages(path) check parameters
[2.112s] [34mcolcon.colcon_core.package_discovery[0m [1;30mLevel 1[0m discover_packages(colcon_meta) discover
[2.112s] [34mcolcon.colcon_core.package_discovery[0m [1;30mLevel 1[0m discover_packages(recursive) discover
[2.112s] [34mcolcon.colcon_core.package_discovery[0m [1;30mINFO[0m Crawling recursively for packages in 'C:\Users\engr-ugaif\IF2022-ros-sensors-workflow\ros-ecosystem'
[2.112s] [34mcolcon.colcon_core.package_identification[0m [1;30mLevel 1[0m _identify(.) by extensions ['ignore', 'ignore_ament_install']
[2.112s] [34mcolcon.colcon_core.package_identification[0m [1;30mLevel 1[0m _identify(.) by extension 'ignore'
[2.112s] [34mcolcon.colcon_core.package_identification[0m [1;30mLevel 1[0m _identify(.) by extension 'ignore_ament_install'
[2.113s] [34mcolcon.colcon_core.package_identification[0m [1;30mLevel 1[0m _identify(.) by extensions ['colcon_pkg']
[2.113s] [34mcolcon.colcon_core.package_identification[0m [1;30mLevel 1[0m _identify(.) by extension 'colcon_pkg'
[2.113s] [34mcolcon.colcon_core.package_identification[0m [1;30mLevel 1[0m _identify(.) by extensions ['colcon_meta']
[2.113s] [34mcolcon.colcon_core.package_identification[0m [1;30mLevel 1[0m _identify(.) by extension 'colcon_meta'
[2.113s] [34mcolcon.colcon_core.package_identification[0m [1;30mLevel 1[0m _identify(.) by extensions ['ros']
[2.113s] [34mcolcon.colcon_core.package_identification[0m [1;30mLevel 1[0m _identify(.) by extension 'ros'
[2.152s] [34mcolcon.colcon_core.package_identification[0m [1;30mLevel 1[0m _identify(.) by extensions ['cmake', 'python']
[2.152s] [34mcolcon.colcon_core.package_identification[0m [1;30mLevel 1[0m _identify(.) by extension 'cmake'
[2.152s] [34mcolcon.colcon_core.package_identification[0m [1;30mLevel 1[0m _identify(.) by extension 'python'
[2.152s] [34mcolcon.colcon_core.package_identification[0m [1;30mLevel 1[0m _identify(.) by extensions ['python_setup_py']
[2.152s] [34mcolcon.colcon_core.package_identification[0m [1;30mLevel 1[0m _identify(.) by extension 'python_setup_py'
[2.162s] [34mcolcon.colcon_core.package_identification[0m [1;30mLevel 1[0m _identify(build) by extensions ['ignore', 'ignore_ament_install']
[2.162s] [34mcolcon.colcon_core.package_identification[0m [1;30mLevel 1[0m _identify(build) by extension 'ignore'
[2.162s] [34mcolcon.colcon_core.package_identification[0m [1;30mLevel 1[0m _identify(build) ignored
[2.162s] [34mcolcon.colcon_core.package_identification[0m [1;30mLevel 1[0m _identify(install) by extensions ['ignore', 'ignore_ament_install']
[2.162s] [34mcolcon.colcon_core.package_identification[0m [1;30mLevel 1[0m _identify(install) by extension 'ignore'
[2.162s] [34mcolcon.colcon_core.package_identification[0m [1;30mLevel 1[0m _identify(install) ignored
[2.162s] [34mcolcon.colcon_core.package_identification[0m [1;30mLevel 1[0m _identify(log) by extensions ['ignore', 'ignore_ament_install']
[2.162s] [34mcolcon.colcon_core.package_identification[0m [1;30mLevel 1[0m _identify(log) by extension 'ignore'
[2.162s] [34mcolcon.colcon_core.package_identification[0m [1;30mLevel 1[0m _identify(log) ignored
[2.162s] [34mcolcon.colcon_core.package_identification[0m [1;30mLevel 1[0m _identify(src) by extensions ['ignore', 'ignore_ament_install']
[2.162s] [34mcolcon.colcon_core.package_identification[0m [1;30mLevel 1[0m _identify(src) by extension 'ignore'
[2.162s] [34mcolcon.colcon_core.package_identification[0m [1;30mLevel 1[0m _identify(src) by extension 'ignore_ament_install'
[2.162s] [34mcolcon.colcon_core.package_identification[0m [1;30mLevel 1[0m _identify(src) by extensions ['colcon_pkg']
[2.162s] [34mcolcon.colcon_core.package_identification[0m [1;30mLevel 1[0m _identify(src) by extension 'colcon_pkg'
[2.162s] [34mcolcon.colcon_core.package_identification[0m [1;30mLevel 1[0m _identify(src) by extensions ['colcon_meta']
[2.162s] [34mcolcon.colcon_core.package_identification[0m [1;30mLevel 1[0m _identify(src) by extension 'colcon_meta'
[2.162s] [34mcolcon.colcon_core.package_identification[0m [1;30mLevel 1[0m _identify(src) by extensions ['ros']
[2.162s] [34mcolcon.colcon_core.package_identification[0m [1;30mLevel 1[0m _identify(src) by extension 'ros'
[2.162s] [34mcolcon.colcon_core.package_identification[0m [1;30mLevel 1[0m _identify(src) by extensions ['cmake', 'python']
[2.162s] [34mcolcon.colcon_core.package_identification[0m [1;30mLevel 1[0m _identify(src) by extension 'cmake'
[2.162s] [34mcolcon.colcon_core.package_identification[0m [1;30mLevel 1[0m _identify(src) by extension 'python'
[2.162s] [34mcolcon.colcon_core.package_identification[0m [1;30mLevel 1[0m _identify(src) by extensions ['python_setup_py']
[2.162s] [34mcolcon.colcon_core.package_identification[0m [1;30mLevel 1[0m _identify(src) by extension 'python_setup_py'
[2.162s] [34mcolcon.colcon_core.package_identification[0m [1;30mLevel 1[0m _identify(src\tau_lidar_pub) by extensions ['ignore', 'ignore_ament_install']
[2.162s] [34mcolcon.colcon_core.package_identification[0m [1;30mLevel 1[0m _identify(src\tau_lidar_pub) by extension 'ignore'
[2.162s] [34mcolcon.colcon_core.package_identification[0m [1;30mLevel 1[0m _identify(src\tau_lidar_pub) by extension 'ignore_ament_install'
[2.162s] [34mcolcon.colcon_core.package_identification[0m [1;30mLevel 1[0m _identify(src\tau_lidar_pub) by extensions ['colcon_pkg']
[2.162s] [34mcolcon.colcon_core.package_identification[0m [1;30mLevel 1[0m _identify(src\tau_lidar_pub) by extension 'colcon_pkg'
[2.162s] [34mcolcon.colcon_core.package_identification[0m [1;30mLevel 1[0m _identify(src\tau_lidar_pub) by extensions ['colcon_meta']
[2.162s] [34mcolcon.colcon_core.package_identification[0m [1;30mLevel 1[0m _identify(src\tau_lidar_pub) by extension 'colcon_meta'
[2.162s] [34mcolcon.colcon_core.package_identification[0m [1;30mLevel 1[0m _identify(src\tau_lidar_pub) by extensions ['ros']
[2.162s] [34mcolcon.colcon_core.package_identification[0m [1;30mLevel 1[0m _identify(src\tau_lidar_pub) by extension 'ros'
[2.172s] [34mcolcon.colcon_core.package_identification[0m [1;30mDEBUG[0m [32mPackage 'src\tau_lidar_pub' with type 'ros.ament_python' and name 'tau_lidar_pub'[0m
[2.172s] [34mcolcon.colcon_core.package_identification[0m [1;30mLevel 1[0m _identify(src\webcam_capture) by extensions ['ignore', 'ignore_ament_install']
[2.172s] [34mcolcon.colcon_core.package_identification[0m [1;30mLevel 1[0m _identify(src\webcam_capture) by extension 'ignore'
[2.172s] [34mcolcon.colcon_core.package_identification[0m [1;30mLevel 1[0m _identify(src\webcam_capture) by extension 'ignore_ament_install'
[2.172s] [34mcolcon.colcon_core.package_identification[0m [1;30mLevel 1[0m _identify(src\webcam_capture) by extensions ['colcon_pkg']
[2.172s] [34mcolcon.colcon_core.package_identification[0m [1;30mLevel 1[0m _identify(src\webcam_capture) by extension 'colcon_pkg'
[2.172s] [34mcolcon.colcon_core.package_identification[0m [1;30mLevel 1[0m _identify(src\webcam_capture) by extensions ['colcon_meta']
[2.172s] [34mcolcon.colcon_core.package_identification[0m [1;30mLevel 1[0m _identify(src\webcam_capture) by extension 'colcon_meta'
[2.172s] [34mcolcon.colcon_core.package_identification[0m [1;30mLevel 1[0m _identify(src\webcam_capture) by extensions ['ros']
[2.172s] [34mcolcon.colcon_core.package_identification[0m [1;30mLevel 1[0m _identify(src\webcam_capture) by extension 'ros'
[2.172s] [34mcolcon.colcon_core.package_identification[0m [1;30mDEBUG[0m [32mPackage 'src\webcam_capture' with type 'ros.ament_python' and name 'webcam_capture'[0m
[2.172s] [34mcolcon.colcon_core.package_discovery[0m [1;30mLevel 1[0m discover_packages(recursive) using defaults
[2.172s] [34mcolcon.colcon_core.package_discovery[0m [1;30mLevel 1[0m discover_packages(ignore) discover
[2.172s] [34mcolcon.colcon_core.package_discovery[0m [1;30mLevel 1[0m discover_packages(ignore) using defaults
[2.172s] [34mcolcon.colcon_core.package_discovery[0m [1;30mLevel 1[0m discover_packages(path) discover
[2.172s] [34mcolcon.colcon_core.package_discovery[0m [1;30mLevel 1[0m discover_packages(path) using defaults
[2.262s] [34mcolcon.colcon_core.verb[0m [1;30mLevel 5[0m set package 'tau_lidar_pub' build argument 'cmake_args' from command line to 'None'
[2.262s] [34mcolcon.colcon_core.verb[0m [1;30mLevel 5[0m set package 'tau_lidar_pub' build argument 'cmake_target' from command line to 'None'
[2.262s] [34mcolcon.colcon_core.verb[0m [1;30mLevel 5[0m set package 'tau_lidar_pub' build argument 'cmake_target_skip_unavailable' from command line to 'False'
[2.262s] [34mcolcon.colcon_core.verb[0m [1;30mLevel 5[0m set package 'tau_lidar_pub' build argument 'cmake_clean_cache' from command line to 'False'
[2.262s] [34mcolcon.colcon_core.verb[0m [1;30mLevel 5[0m set package 'tau_lidar_pub' build argument 'cmake_clean_first' from command line to 'False'
[2.262s] [34mcolcon.colcon_core.verb[0m [1;30mLevel 5[0m set package 'tau_lidar_pub' build argument 'cmake_force_configure' from command line to 'False'
[2.262s] [34mcolcon.colcon_core.verb[0m [1;30mLevel 5[0m set package 'tau_lidar_pub' build argument 'ament_cmake_args' from command line to 'None'
[2.262s] [34mcolcon.colcon_core.verb[0m [1;30mLevel 5[0m set package 'tau_lidar_pub' build argument 'catkin_cmake_args' from command line to 'None'
[2.262s] [34mcolcon.colcon_core.verb[0m [1;30mLevel 5[0m set package 'tau_lidar_pub' build argument 'catkin_skip_building_tests' from command line to 'False'
[2.262s] [34mcolcon.colcon_core.verb[0m [1;30mDEBUG[0m [32mBuilding package 'tau_lidar_pub' with the following arguments: {'ament_cmake_args': None, 'build_base': 'C:\\Users\\engr-ugaif\\IF2022-ros-sensors-workflow\\ros-ecosystem\\build\\tau_lidar_pub', 'catkin_cmake_args': None, 'catkin_skip_building_tests': False, 'cmake_args': None, 'cmake_clean_cache': False, 'cmake_clean_first': False, 'cmake_force_configure': False, 'cmake_target': None, 'cmake_target_skip_unavailable': False, 'install_base': 'C:\\Users\\engr-ugaif\\IF2022-ros-sensors-workflow\\ros-ecosystem\\install', 'merge_install': True, 'path': 'C:\\Users\\engr-ugaif\\IF2022-ros-sensors-workflow\\ros-ecosystem\\src\\tau_lidar_pub', 'symlink_install': False, 'test_result_base': None}[0m
[2.272s] [34mcolcon.colcon_core.verb[0m [1;30mLevel 5[0m set package 'webcam_capture' build argument 'cmake_args' from command line to 'None'
[2.272s] [34mcolcon.colcon_core.verb[0m [1;30mLevel 5[0m set package 'webcam_capture' build argument 'cmake_target' from command line to 'None'
[2.272s] [34mcolcon.colcon_core.verb[0m [1;30mLevel 5[0m set package 'webcam_capture' build argument 'cmake_target_skip_unavailable' from command line to 'False'
[2.272s] [34mcolcon.colcon_core.verb[0m [1;30mLevel 5[0m set package 'webcam_capture' build argument 'cmake_clean_cache' from command line to 'False'
[2.272s] [34mcolcon.colcon_core.verb[0m [1;30mLevel 5[0m set package 'webcam_capture' build argument 'cmake_clean_first' from command line to 'False'
[2.272s] [34mcolcon.colcon_core.verb[0m [1;30mLevel 5[0m set package 'webcam_capture' build argument 'cmake_force_configure' from command line to 'False'
[2.272s] [34mcolcon.colcon_core.verb[0m [1;30mLevel 5[0m set package 'webcam_capture' build argument 'ament_cmake_args' from command line to 'None'
[2.272s] [34mcolcon.colcon_core.verb[0m [1;30mLevel 5[0m set package 'webcam_capture' build argument 'catkin_cmake_args' from command line to 'None'
[2.272s] [34mcolcon.colcon_core.verb[0m [1;30mLevel 5[0m set package 'webcam_capture' build argument 'catkin_skip_building_tests' from command line to 'False'
[2.272s] [34mcolcon.colcon_core.verb[0m [1;30mDEBUG[0m [32mBuilding package 'webcam_capture' with the following arguments: {'ament_cmake_args': None, 'build_base': 'C:\\Users\\engr-ugaif\\IF2022-ros-sensors-workflow\\ros-ecosystem\\build\\webcam_capture', 'catkin_cmake_args': None, 'catkin_skip_building_tests': False, 'cmake_args': None, 'cmake_clean_cache': False, 'cmake_clean_first': False, 'cmake_force_configure': False, 'cmake_target': None, 'cmake_target_skip_unavailable': False, 'install_base': 'C:\\Users\\engr-ugaif\\IF2022-ros-sensors-workflow\\ros-ecosystem\\install', 'merge_install': True, 'path': 'C:\\Users\\engr-ugaif\\IF2022-ros-sensors-workflow\\ros-ecosystem\\src\\webcam_capture', 'symlink_install': False, 'test_result_base': None}[0m
[2.277s] [34mcolcon.colcon_core.executor[0m [1;30mINFO[0m Executing jobs using 'parallel' executor
[2.298s] [34mcolcon.colcon_parallel_executor.executor.parallel[0m [1;30mDEBUG[0m [32mrun_until_complete[0m
[2.298s] [34mcolcon.colcon_ros.task.ament_python.build[0m [1;30mINFO[0m Building ROS package in 'C:\Users\engr-ugaif\IF2022-ros-sensors-workflow\ros-ecosystem\src\tau_lidar_pub' with build type 'ament_python'
[2.299s] [34mcolcon.colcon_core.shell[0m [1;30mLevel 1[0m create_environment_hook('tau_lidar_pub', 'ament_prefix_path')
[2.309s] [34mcolcon.colcon_core.plugin_system[0m [1;30mINFO[0m Skipping extension 'colcon_core.shell.sh': Not used on Windows systems
[2.309s] [34mcolcon.colcon_core.shell[0m [1;30mINFO[0m Creating environment hook 'C:\Users\engr-ugaif\IF2022-ros-sensors-workflow\ros-ecosystem\install\share\tau_lidar_pub\hook\ament_prefix_path.ps1'
[2.309s] [34mcolcon.colcon_core.shell[0m [1;30mINFO[0m Creating environment hook 'C:\Users\engr-ugaif\IF2022-ros-sensors-workflow\ros-ecosystem\install\share\tau_lidar_pub\hook\ament_prefix_path.bat'
[2.309s] [34mcolcon.colcon_core.shell[0m [1;30mINFO[0m Creating environment descriptor 'C:\Users\engr-ugaif\IF2022-ros-sensors-workflow\ros-ecosystem\install\share\tau_lidar_pub\hook\ament_prefix_path.dsv'
[2.329s] [34mcolcon.colcon_ros.prefix_path.catkin[0m [1;30mWARNING[0m [33mThe path 'C:\opt\ros\humble\x64\tools\vcpkg\installed\x64-windows' in the environment variable CMAKE_PREFIX_PATH doesn't exist[0m
[2.483s] [34mcolcon.colcon_ros.task.ament_python.build[0m [1;30mINFO[0m Building ROS package in 'C:\Users\engr-ugaif\IF2022-ros-sensors-workflow\ros-ecosystem\src\webcam_capture' with build type 'ament_python'
[2.483s] [34mcolcon.colcon_core.shell[0m [1;30mLevel 1[0m create_environment_hook('webcam_capture', 'ament_prefix_path')
[2.489s] [34mcolcon.colcon_core.shell[0m [1;30mINFO[0m Creating environment hook 'C:\Users\engr-ugaif\IF2022-ros-sensors-workflow\ros-ecosystem\install\share\webcam_capture\hook\ament_prefix_path.ps1'
[2.492s] [34mcolcon.colcon_core.shell[0m [1;30mINFO[0m Creating environment hook 'C:\Users\engr-ugaif\IF2022-ros-sensors-workflow\ros-ecosystem\install\share\webcam_capture\hook\ament_prefix_path.bat'
[2.492s] [34mcolcon.colcon_core.shell[0m [1;30mINFO[0m Creating environment descriptor 'C:\Users\engr-ugaif\IF2022-ros-sensors-workflow\ros-ecosystem\install\share\webcam_capture\hook\ament_prefix_path.dsv'
[3.912s] [34mcolcon.colcon_core.task.python.build[0m [1;30mINFO[0m Building Python package in 'C:\Users\engr-ugaif\IF2022-ros-sensors-workflow\ros-ecosystem\src\tau_lidar_pub'
[5.179s] [34mcolcon.colcon_core.task.python.build[0m [1;30mINFO[0m Building Python package in 'C:\Users\engr-ugaif\IF2022-ros-sensors-workflow\ros-ecosystem\src\webcam_capture'
[6.782s] [34mcolcon.colcon_core.event_handler.log_command[0m [1;30mDEBUG[0m [32mInvoking command in 'C:\Users\engr-ugaif\IF2022-ros-sensors-workflow\ros-ecosystem\src\tau_lidar_pub': PYTHONPATH=C:\Users\engr-ugaif\IF2022-ros-sensors-workflow\ros-ecosystem\install\Lib\site-packages;%PYTHONPATH% c:\opt\ros\humble\x64\python.exe setup.py egg_info --egg-base ..\..\build\tau_lidar_pub build --build-base C:\Users\engr-ugaif\IF2022-ros-sensors-workflow\ros-ecosystem\build\tau_lidar_pub\build install --prefix C:\Users\engr-ugaif\IF2022-ros-sensors-workflow\ros-ecosystem\install --record C:\Users\engr-ugaif\IF2022-ros-sensors-workflow\ros-ecosystem\build\tau_lidar_pub\install.log --single-version-externally-managed[0m
[6.939s] [34mcolcon.colcon_core.event_handler.log_command[0m [1;30mDEBUG[0m [32mInvoking command in 'C:\Users\engr-ugaif\IF2022-ros-sensors-workflow\ros-ecosystem\src\webcam_capture': PYTHONPATH=C:\Users\engr-ugaif\IF2022-ros-sensors-workflow\ros-ecosystem\install\Lib\site-packages;%PYTHONPATH% c:\opt\ros\humble\x64\python.exe setup.py egg_info --egg-base ..\..\build\webcam_capture build --build-base C:\Users\engr-ugaif\IF2022-ros-sensors-workflow\ros-ecosystem\build\webcam_capture\build install --prefix C:\Users\engr-ugaif\IF2022-ros-sensors-workflow\ros-ecosystem\install --record C:\Users\engr-ugaif\IF2022-ros-sensors-workflow\ros-ecosystem\build\webcam_capture\install.log --single-version-externally-managed[0m
[8.030s] [34mcolcon.colcon_core.event_handler.log_command[0m [1;30mDEBUG[0m [32mInvoked command in 'C:\Users\engr-ugaif\IF2022-ros-sensors-workflow\ros-ecosystem\src\tau_lidar_pub' returned '0': PYTHONPATH=C:\Users\engr-ugaif\IF2022-ros-sensors-workflow\ros-ecosystem\install\Lib\site-packages;%PYTHONPATH% c:\opt\ros\humble\x64\python.exe setup.py egg_info --egg-base ..\..\build\tau_lidar_pub build --build-base C:\Users\engr-ugaif\IF2022-ros-sensors-workflow\ros-ecosystem\build\tau_lidar_pub\build install --prefix C:\Users\engr-ugaif\IF2022-ros-sensors-workflow\ros-ecosystem\install --record C:\Users\engr-ugaif\IF2022-ros-sensors-workflow\ros-ecosystem\build\tau_lidar_pub\install.log --single-version-externally-managed[0m
[8.064s] [34mcolcon.colcon_core.environment[0m [1;30mLevel 1[0m checking 'C:\Users\engr-ugaif\IF2022-ros-sensors-workflow\ros-ecosystem\install' for CMake module files
[8.066s] [34mcolcon.colcon_core.environment[0m [1;30mLevel 1[0m checking 'C:\Users\engr-ugaif\IF2022-ros-sensors-workflow\ros-ecosystem\install' for CMake config files
[8.070s] [34mcolcon.colcon_core.environment[0m [1;30mLevel 1[0m checking 'C:\Users\engr-ugaif\IF2022-ros-sensors-workflow\ros-ecosystem\install\bin'
[8.071s] [34mcolcon.colcon_core.environment[0m [1;30mLevel 1[0m checking 'C:\Users\engr-ugaif\IF2022-ros-sensors-workflow\ros-ecosystem\install\bin'
[8.071s] [34mcolcon.colcon_core.environment[0m [1;30mLevel 1[0m checking 'C:\Users\engr-ugaif\IF2022-ros-sensors-workflow\ros-ecosystem\install\lib\pkgconfig\tau_lidar_pub.pc'
[8.071s] [34mcolcon.colcon_core.environment[0m [1;30mLevel 1[0m checking 'C:\Users\engr-ugaif\IF2022-ros-sensors-workflow\ros-ecosystem\install\Lib\site-packages'
[8.071s] [34mcolcon.colcon_core.shell[0m [1;30mLevel 1[0m create_environment_hook('tau_lidar_pub', 'pythonpath')
[8.076s] [34mcolcon.colcon_core.shell[0m [1;30mINFO[0m Creating environment hook 'C:\Users\engr-ugaif\IF2022-ros-sensors-workflow\ros-ecosystem\install\share\tau_lidar_pub\hook\pythonpath.ps1'
[8.079s] [34mcolcon.colcon_core.shell[0m [1;30mINFO[0m Creating environment hook 'C:\Users\engr-ugaif\IF2022-ros-sensors-workflow\ros-ecosystem\install\share\tau_lidar_pub\hook\pythonpath.bat'
[8.082s] [34mcolcon.colcon_core.shell[0m [1;30mINFO[0m Creating environment descriptor 'C:\Users\engr-ugaif\IF2022-ros-sensors-workflow\ros-ecosystem\install\share\tau_lidar_pub\hook\pythonpath.dsv'
[8.085s] [34mcolcon.colcon_core.environment[0m [1;30mLevel 1[0m checking 'C:\Users\engr-ugaif\IF2022-ros-sensors-workflow\ros-ecosystem\install\Scripts'
[8.085s] [34mcolcon.colcon_core.environment[0m [1;30mLevel 1[0m create_environment_scripts_only(tau_lidar_pub)
[8.090s] [34mcolcon.colcon_core.shell[0m [1;30mINFO[0m Creating package script 'C:\Users\engr-ugaif\IF2022-ros-sensors-workflow\ros-ecosystem\install\share\tau_lidar_pub\package.ps1'
[8.092s] [34mcolcon.colcon_core.shell[0m [1;30mINFO[0m Creating package script 'C:\Users\engr-ugaif\IF2022-ros-sensors-workflow\ros-ecosystem\install\share\tau_lidar_pub\package.bat'
[8.092s] [34mcolcon.colcon_core.shell[0m [1;30mINFO[0m Creating package descriptor 'C:\Users\engr-ugaif\IF2022-ros-sensors-workflow\ros-ecosystem\install\share\tau_lidar_pub\package.dsv'
[8.102s] [34mcolcon.colcon_core.environment[0m [1;30mLevel 1[0m create_file_with_runtime_dependencies(C:\Users\engr-ugaif\IF2022-ros-sensors-workflow\ros-ecosystem\install\share\colcon-core\packages\tau_lidar_pub)
[8.236s] [34mcolcon.colcon_core.environment[0m [1;30mLevel 1[0m checking 'C:\Users\engr-ugaif\IF2022-ros-sensors-workflow\ros-ecosystem\install' for CMake module files
[8.237s] [34mcolcon.colcon_core.event_handler.log_command[0m [1;30mDEBUG[0m [32mInvoked command in 'C:\Users\engr-ugaif\IF2022-ros-sensors-workflow\ros-ecosystem\src\webcam_capture' returned '0': PYTHONPATH=C:\Users\engr-ugaif\IF2022-ros-sensors-workflow\ros-ecosystem\install\Lib\site-packages;%PYTHONPATH% c:\opt\ros\humble\x64\python.exe setup.py egg_info --egg-base ..\..\build\webcam_capture build --build-base C:\Users\engr-ugaif\IF2022-ros-sensors-workflow\ros-ecosystem\build\webcam_capture\build install --prefix C:\Users\engr-ugaif\IF2022-ros-sensors-workflow\ros-ecosystem\install --record C:\Users\engr-ugaif\IF2022-ros-sensors-workflow\ros-ecosystem\build\webcam_capture\install.log --single-version-externally-managed[0m
[8.238s] [34mcolcon.colcon_core.environment[0m [1;30mLevel 1[0m checking 'C:\Users\engr-ugaif\IF2022-ros-sensors-workflow\ros-ecosystem\install' for CMake config files
[8.243s] [34mcolcon.colcon_core.environment[0m [1;30mLevel 1[0m checking 'C:\Users\engr-ugaif\IF2022-ros-sensors-workflow\ros-ecosystem\install\bin'
[8.243s] [34mcolcon.colcon_core.environment[0m [1;30mLevel 1[0m checking 'C:\Users\engr-ugaif\IF2022-ros-sensors-workflow\ros-ecosystem\install\bin'
[8.243s] [34mcolcon.colcon_core.environment[0m [1;30mLevel 1[0m checking 'C:\Users\engr-ugaif\IF2022-ros-sensors-workflow\ros-ecosystem\install\lib\pkgconfig\webcam_capture.pc'
[8.243s] [34mcolcon.colcon_core.environment[0m [1;30mLevel 1[0m checking 'C:\Users\engr-ugaif\IF2022-ros-sensors-workflow\ros-ecosystem\install\Lib\site-packages'
[8.243s] [34mcolcon.colcon_core.shell[0m [1;30mLevel 1[0m create_environment_hook('webcam_capture', 'pythonpath')
[8.248s] [34mcolcon.colcon_core.shell[0m [1;30mINFO[0m Creating environment hook 'C:\Users\engr-ugaif\IF2022-ros-sensors-workflow\ros-ecosystem\install\share\webcam_capture\hook\pythonpath.ps1'
[8.252s] [34mcolcon.colcon_core.shell[0m [1;30mINFO[0m Creating environment hook 'C:\Users\engr-ugaif\IF2022-ros-sensors-workflow\ros-ecosystem\install\share\webcam_capture\hook\pythonpath.bat'
[8.255s] [34mcolcon.colcon_core.shell[0m [1;30mINFO[0m Creating environment descriptor 'C:\Users\engr-ugaif\IF2022-ros-sensors-workflow\ros-ecosystem\install\share\webcam_capture\hook\pythonpath.dsv'
[8.257s] [34mcolcon.colcon_core.environment[0m [1;30mLevel 1[0m checking 'C:\Users\engr-ugaif\IF2022-ros-sensors-workflow\ros-ecosystem\install\Scripts'
[8.257s] [34mcolcon.colcon_core.environment[0m [1;30mLevel 1[0m create_environment_scripts_only(webcam_capture)
[8.259s] [34mcolcon.colcon_core.shell[0m [1;30mINFO[0m Creating package script 'C:\Users\engr-ugaif\IF2022-ros-sensors-workflow\ros-ecosystem\install\share\webcam_capture\package.ps1'
[8.259s] [34mcolcon.colcon_core.shell[0m [1;30mINFO[0m Creating package script 'C:\Users\engr-ugaif\IF2022-ros-sensors-workflow\ros-ecosystem\install\share\webcam_capture\package.bat'
[8.269s] [34mcolcon.colcon_core.shell[0m [1;30mINFO[0m Creating package descriptor 'C:\Users\engr-ugaif\IF2022-ros-sensors-workflow\ros-ecosystem\install\share\webcam_capture\package.dsv'
[8.269s] [34mcolcon.colcon_core.environment[0m [1;30mLevel 1[0m create_file_with_runtime_dependencies(C:\Users\engr-ugaif\IF2022-ros-sensors-workflow\ros-ecosystem\install\share\colcon-core\packages\webcam_capture)
[8.269s] [34mcolcon.colcon_parallel_executor.executor.parallel[0m [1;30mDEBUG[0m [32mrun_until_complete finished with '0'[0m
[8.269s] [34mcolcon.colcon_core.event_reactor[0m [1;30mDEBUG[0m [32mjoining thread[0m
[8.299s] [34mcolcon.colcon_core.plugin_system[0m [1;30mINFO[0m Skipping extension 'colcon_notification.desktop_notification.notify2': 'notify2' not found
[8.299s] [34mcolcon.colcon_core.plugin_system[0m [1;30mINFO[0m Skipping extension 'colcon_notification.desktop_notification.notify_send': Not used on non-Linux systems
[8.299s] [34mcolcon.colcon_core.plugin_system[0m [1;30mINFO[0m Skipping extension 'colcon_notification.desktop_notification.terminal_notifier': Not used on non-Darwin systems
[8.299s] [34mcolcon.colcon_notification.desktop_notification[0m [1;30mINFO[0m Sending desktop notification using 'win32'
[13.353s] [34mcolcon.colcon_core.event_reactor[0m [1;30mDEBUG[0m [32mjoined thread[0m
[13.358s] [34mcolcon.colcon_core.shell[0m [1;30mINFO[0m Creating prefix script 'C:\Users\engr-ugaif\IF2022-ros-sensors-workflow\ros-ecosystem\install\local_setup.ps1'
[13.364s] [34mcolcon.colcon_core.shell[0m [1;30mINFO[0m Creating prefix util module 'C:\Users\engr-ugaif\IF2022-ros-sensors-workflow\ros-ecosystem\install\_local_setup_util_ps1.py'
[13.364s] [34mcolcon.colcon_core.shell[0m [1;30mINFO[0m Creating prefix chain script 'C:\Users\engr-ugaif\IF2022-ros-sensors-workflow\ros-ecosystem\install\setup.ps1'
[13.374s] [34mcolcon.colcon_core.shell[0m [1;30mINFO[0m Creating prefix script 'C:\Users\engr-ugaif\IF2022-ros-sensors-workflow\ros-ecosystem\install\local_setup.bat'
[13.384s] [34mcolcon.colcon_core.shell[0m [1;30mINFO[0m Creating prefix util module 'C:\Users\engr-ugaif\IF2022-ros-sensors-workflow\ros-ecosystem\install\_local_setup_util_bat.py'
[13.384s] [34mcolcon.colcon_core.shell[0m [1;30mINFO[0m Creating prefix chain script 'C:\Users\engr-ugaif\IF2022-ros-sensors-workflow\ros-ecosystem\install\setup.bat'
