[0.000000] (-) TimerEvent: {}
[0.000000] (tau_lidar_pub) JobQueued: {'identifier': 'tau_lidar_pub', 'dependencies': OrderedDict()}
[0.000000] (webcam_publisher) JobQueued: {'identifier': 'webcam_publisher', 'dependencies': OrderedDict()}
[0.000000] (tau_lidar_pub) JobStarted: {'identifier': 'tau_lidar_pub'}
[0.094000] (-) TimerEvent: {}
[0.172000] (webcam_publisher) JobStarted: {'identifier': 'webcam_publisher'}
[0.203000] (-) TimerEvent: {}
[0.312000] (-) TimerEvent: {}
[0.422000] (-) TimerEvent: {}
[0.531000] (-) TimerEvent: {}
[0.641000] (-) TimerEvent: {}
[0.750000] (-) TimerEvent: {}
[0.859000] (-) TimerEvent: {}
[0.984000] (-) TimerEvent: {}
[1.094000] (-) TimerEvent: {}
[1.203000] (-) TimerEvent: {}
[1.312000] (-) TimerEvent: {}
[1.422000] (-) TimerEvent: {}
[1.531000] (-) TimerEvent: {}
[1.641000] (-) TimerEvent: {}
[1.750000] (-) TimerEvent: {}
[1.859000] (-) TimerEvent: {}
[1.984000] (-) TimerEvent: {}
[2.094000] (-) TimerEvent: {}
[2.203000] (-) TimerEvent: {}
[2.312000] (-) TimerEvent: {}
[2.422000] (-) TimerEvent: {}
[2.547000] (-) TimerEvent: {}
[2.656000] (-) TimerEvent: {}
[2.781000] (-) TimerEvent: {}
[2.891000] (-) TimerEvent: {}
[3.000000] (-) TimerEvent: {}
[3.109000] (-) TimerEvent: {}
[3.219000] (-) TimerEvent: {}
[3.328000] (-) TimerEvent: {}
[3.437000] (-) TimerEvent: {}
[3.547000] (-) TimerEvent: {}
[3.656000] (-) TimerEvent: {}
[3.766000] (-) TimerEvent: {}
[3.875000] (-) TimerEvent: {}
[3.984000] (-) TimerEvent: {}
[4.094000] (-) TimerEvent: {}
[4.203000] (-) TimerEvent: {}
[4.312000] (-) TimerEvent: {}
[4.422000] (-) TimerEvent: {}
[4.531000] (-) TimerEvent: {}
[4.641000] (-) TimerEvent: {}
[4.656000] (tau_lidar_pub) Command: {'cmd': ['c:\\opt\\ros\\humble\\x64\\python.exe', 'setup.py', 'egg_info', '--egg-base', '..\\..\\build\\tau_lidar_pub', 'build', '--build-base', 'C:\\Users\\engr-ugaif\\IF2022-ros-sensors-workflow\\ros-ecosystem\\build\\tau_lidar_pub\\build', 'install', '--prefix', 'C:\\Users\\engr-ugaif\\IF2022-ros-sensors-workflow\\ros-ecosystem\\install', '--record', 'C:\\Users\\engr-ugaif\\IF2022-ros-sensors-workflow\\ros-ecosystem\\build\\tau_lidar_pub\\install.log', '--single-version-externally-managed'], 'cwd': 'C:\\Users\\engr-ugaif\\IF2022-ros-sensors-workflow\\ros-ecosystem\\src\\tau_lidar_pub', 'env': {'SESSIONNAME': 'Console', 'ProgramFiles(x86)': 'C:\\Program Files (x86)', 'NI_MO_INSTALL_PATH': 'C:\\Users\\Public\\Documents\\National Instruments\\model_optimizer\\', 'ProgramW6432': 'C:\\Program Files', 'GAZEBO_LIB_PATH': 'C:\\opt\\ros\\humble\\x64\\include', 'ChocolateyInstall': 'C:\\ProgramData\\chocolatey', 'PROCESSOR_IDENTIFIER': 'Intel64 Family 6 Model 165 Stepping 5, GenuineIntel', 'TMP': 'C:\\Users\\ENGR-U~1\\AppData\\Local\\Temp', 'PROCESSOR_ARCHITECTURE': 'AMD64', 'SDF_PATH': 'C:\\opt\\ros\\humble\\x64\\share\\sdformat\\1.6;', 'Path': 'C:\\opt\\ros\\humble\\x64\\opt\\rviz_ogre_vendor\\bin;C:\\opt\\ros\\humble\\x64\\tools\\vcpkg\\installed\\x64-windows\\bin;C:\\opt\\ros\\humble\\x64\\tools\\vcpkg;C:\\opt\\ros\\humble\\x64\\lib\\gazebo-10\\plugins;C:\\opt\\ros\\humble\\x64\\Scripts;C:\\opt\\ros\\humble\\x64\\bin;C:\\Program Files\\National Instruments\\Shared\\OpenVINO\\;C:\\Program Files (x86)\\Common Files\\Oracle\\Java\\javapath;C:\\windows\\system32;C:\\windows;C:\\windows\\System32\\Wbem;C:\\windows\\System32\\WindowsPowerShell\\v1.0\\;C:\\windows\\System32\\OpenSSH\\;C:\\Program Files (x86)\\IVI Foundation\\VISA\\WinNT\\Bin\\;C:\\Program Files\\IVI Foundation\\VISA\\Win64\\Bin\\;C:\\Program Files (x86)\\National Instruments\\Shared\\LabVIEW CLI;C:\\Program Files (x86)\\IVI Foundation\\VISA\\WinNT\\Bin;C:\\ProgramData\\chocolatey\\bin;C:\\Program Files\\Git\\cmd;C:\\Program Files\\Docker\\Docker\\resources\\bin;C:\\Users\\engr-ugaif\\AppData\\Local\\Microsoft\\WindowsApps;C:\\Users\\engr-ugaif\\AppData\\Local\\Programs\\Microsoft VS Code\\bin;C:\\opt\\ros\\humble\\x64\\;', 'PUBLIC': 'C:\\Users\\Public', 'PROCESSOR_REVISION': 'a505', 'USERPROFILE': 'C:\\Users\\engr-ugaif', 'ROS_ETC_DIR': 'C:\\opt\\ros\\humble\\x64\\etc\\ros', 'VXIPNPPATH64': 'C:\\Program Files\\IVI Foundation\\VISA\\', 'configsetroot': 'C:\\windows\\ConfigSetRoot', 'OV_NI_PLUGIN_DIR': 'C:\\Program Files\\National Instruments\\Shared\\OpenVINO\\', 'ChocolateyLastPathUpdate': '133132084040268578', 'GAZEBO_INCLUDE_PATH': 'C:\\opt\\ros\\humble\\x64\\include', 'PKG_CONFIG_PATH': 'C:\\opt\\ros\\humble\\x64\\lib\\pkgconfig;', 'LOGONSERVER': '\\\\WP-MYDC01', 'OGRE_RESOURCE_PATH': 'C:\\opt\\ros\\humble\\x64\\bin', 'VCPKG_ROOT': 'C:\\opt\\ros\\humble\\x64\\tools\\vcpkg', 'AMENT_PREFIX_PATH': 'C:\\Users\\engr-ugaif\\IF2022-ros-sensors-workflow\\ros-ecosystem\\install;C:\\opt\\ros\\humble\\x64;', 'ROS_PYTHON_VERSION': '3', 'TEMP': 'C:\\Users\\ENGR-U~1\\AppData\\Local\\Temp', 'USERDNSDOMAIN': 'MSMYID.UGA.EDU', 'VXIPNPPATH': 'C:\\Program Files (x86)\\IVI Foundation\\VISA\\', 'ROS_VERSION': '2', 'OneDrive': 'C:\\Users\\engr-ugaif\\OneDrive - University of Georgia', 'USERDOMAIN_ROAMINGPROFILE': 'MYID', 'CommonProgramFiles': 'C:\\Program Files\\Common Files', 'windir': 'C:\\windows', 'ProgramData': 'C:\\ProgramData', 'HOMEPATH': '\\Users\\engr-ugaif', 'COLCON': '1', 'COMPUTERNAME': 'ENGR300551D', 'COLCON_CURRENT_PREFIX': 'C:\\Users\\engr-ugaif\\IF2022-ros-sensors-workflow\\ros-ecosystem\\install', 'RUBY_DLL_PATH': 'C:\\opt\\ros\\humble\\x64\\opt\\rviz_ogre_vendor\\bin;C:\\opt\\ros\\humble\\x64\\bin;', 'ALLUSERSPROFILE': 'C:\\ProgramData', 'CommonProgramW6432': 'C:\\Program Files\\Common Files', 'USERNAME': 'engr-ugaif', 'OneDriveCommercial': 'C:\\Users\\engr-ugaif\\OneDrive - University of Georgia', 'ROS_DISTRO': 'humble', 'NIDAQmxSwitchDir': 'C:\\Program Files (x86)\\National Instruments\\NI-DAQ\\Switch\\', 'CMAKE_PREFIX_PATH': 'C:\\opt\\ros\\humble\\x64\\tools\\vcpkg\\installed\\x64-windows;C:\\opt\\ros\\humble\\x64;', 'PYTHONPATH': 'C:\\Users\\engr-ugaif\\IF2022-ros-sensors-workflow\\ros-ecosystem\\install\\Lib\\site-packages;C:\\Users\\engr-ugaif\\IF2022-ros-sensors-workflow\\ros-ecosystem\\install\\Lib\\site-packages;C:\\opt\\ros\\humble\\x64\\lib\\python3.10\\dist-packages;C:\\opt\\ros\\humble\\x64\\Lib\\site-packages;', 'DriverData': 'C:\\Windows\\System32\\Drivers\\DriverData', 'HOMEDRIVE': 'C:', 'GAZEBO_PLUGIN_PATH': 'lib\\gazebo-10\\plugins', 'SystemRoot': 'C:\\windows', 'SystemDrive': 'C:', 'NUMBER_OF_PROCESSORS': '16', 'OS': 'Windows_NT', 'ProgramFiles': 'C:\\Program Files', 'ComSpec': 'C:\\windows\\system32\\cmd.exe', 'ROS_LOCALHOST_ONLY': '0', 'PATHEXT': '.COM;.EXE;.BAT;.CMD;.VBS;.VBE;.JS;.JSE;.WSF;.WSH;.MSC;.CPL', 'HOME': '%HOMEDRIVE%%HOMEPATH%', 'PSModulePath': 'C:\\Users\\engr-ugaif\\Documents\\WindowsPowerShell\\Modules;C:\\Program Files\\WindowsPowerShell\\Modules;C:\\windows\\system32\\WindowsPowerShell\\v1.0\\Modules', 'APPDATA': 'C:\\Users\\engr-ugaif\\AppData\\Roaming', 'USERDOMAIN': 'MYID', 'PROCESSOR_LEVEL': '6', 'LOCALAPPDATA': 'C:\\Users\\engr-ugaif\\AppData\\Local', 'OV_MO_INSTALL_PATH': 'C:\\Users\\Public\\Documents\\National Instruments\\intel_model_optimizer\\', 'GAZEBO_MODEL_PATH': 'share\\gazebo-10\\models', 'CommonProgramFiles(x86)': 'C:\\Program Files (x86)\\Common Files', 'GAZEBO_RESOURCE_PATH': 'share\\gazebo-10', 'VCPKG_DEFAULT_TRIPLET': 'x64-windows', 'NIEXTCCOMPILERSUPP': 'C:\\Program Files (x86)\\National Instruments\\Shared\\ExternalCompilerSupport\\C\\', 'IGN_GUI_PLUGIN_PATH': 'C:\\opt\\ros\\humble\\x64\\lib\\ign-gui-6\\plugins'}, 'shell': False}
[4.672000] (webcam_publisher) Command: {'cmd': ['c:\\opt\\ros\\humble\\x64\\python.exe', 'setup.py', 'egg_info', '--egg-base', '..\\..\\build\\webcam_publisher', 'build', '--build-base', 'C:\\Users\\engr-ugaif\\IF2022-ros-sensors-workflow\\ros-ecosystem\\build\\webcam_publisher\\build', 'install', '--prefix', 'C:\\Users\\engr-ugaif\\IF2022-ros-sensors-workflow\\ros-ecosystem\\install', '--record', 'C:\\Users\\engr-ugaif\\IF2022-ros-sensors-workflow\\ros-ecosystem\\build\\webcam_publisher\\install.log', '--single-version-externally-managed'], 'cwd': 'C:\\Users\\engr-ugaif\\IF2022-ros-sensors-workflow\\ros-ecosystem\\src\\webcam_publisher', 'env': {'SESSIONNAME': 'Console', 'ProgramFiles(x86)': 'C:\\Program Files (x86)', 'NI_MO_INSTALL_PATH': 'C:\\Users\\Public\\Documents\\National Instruments\\model_optimizer\\', 'ProgramW6432': 'C:\\Program Files', 'GAZEBO_LIB_PATH': 'C:\\opt\\ros\\humble\\x64\\include', 'ChocolateyInstall': 'C:\\ProgramData\\chocolatey', 'PROCESSOR_IDENTIFIER': 'Intel64 Family 6 Model 165 Stepping 5, GenuineIntel', 'TMP': 'C:\\Users\\ENGR-U~1\\AppData\\Local\\Temp', 'PROCESSOR_ARCHITECTURE': 'AMD64', 'SDF_PATH': 'C:\\opt\\ros\\humble\\x64\\share\\sdformat\\1.6;', 'Path': 'C:\\opt\\ros\\humble\\x64\\opt\\rviz_ogre_vendor\\bin;C:\\opt\\ros\\humble\\x64\\tools\\vcpkg\\installed\\x64-windows\\bin;C:\\opt\\ros\\humble\\x64\\tools\\vcpkg;C:\\opt\\ros\\humble\\x64\\lib\\gazebo-10\\plugins;C:\\opt\\ros\\humble\\x64\\Scripts;C:\\opt\\ros\\humble\\x64\\bin;C:\\Program Files\\National Instruments\\Shared\\OpenVINO\\;C:\\Program Files (x86)\\Common Files\\Oracle\\Java\\javapath;C:\\windows\\system32;C:\\windows;C:\\windows\\System32\\Wbem;C:\\windows\\System32\\WindowsPowerShell\\v1.0\\;C:\\windows\\System32\\OpenSSH\\;C:\\Program Files (x86)\\IVI Foundation\\VISA\\WinNT\\Bin\\;C:\\Program Files\\IVI Foundation\\VISA\\Win64\\Bin\\;C:\\Program Files (x86)\\National Instruments\\Shared\\LabVIEW CLI;C:\\Program Files (x86)\\IVI Foundation\\VISA\\WinNT\\Bin;C:\\ProgramData\\chocolatey\\bin;C:\\Program Files\\Git\\cmd;C:\\Program Files\\Docker\\Docker\\resources\\bin;C:\\Users\\engr-ugaif\\AppData\\Local\\Microsoft\\WindowsApps;C:\\Users\\engr-ugaif\\AppData\\Local\\Programs\\Microsoft VS Code\\bin;C:\\opt\\ros\\humble\\x64\\;', 'PUBLIC': 'C:\\Users\\Public', 'PROCESSOR_REVISION': 'a505', 'USERPROFILE': 'C:\\Users\\engr-ugaif', 'ROS_ETC_DIR': 'C:\\opt\\ros\\humble\\x64\\etc\\ros', 'VXIPNPPATH64': 'C:\\Program Files\\IVI Foundation\\VISA\\', 'configsetroot': 'C:\\windows\\ConfigSetRoot', 'OV_NI_PLUGIN_DIR': 'C:\\Program Files\\National Instruments\\Shared\\OpenVINO\\', 'ChocolateyLastPathUpdate': '133132084040268578', 'GAZEBO_INCLUDE_PATH': 'C:\\opt\\ros\\humble\\x64\\include', 'PKG_CONFIG_PATH': 'C:\\opt\\ros\\humble\\x64\\lib\\pkgconfig;', 'LOGONSERVER': '\\\\WP-MYDC01', 'OGRE_RESOURCE_PATH': 'C:\\opt\\ros\\humble\\x64\\bin', 'VCPKG_ROOT': 'C:\\opt\\ros\\humble\\x64\\tools\\vcpkg', 'AMENT_PREFIX_PATH': 'C:\\Users\\engr-ugaif\\IF2022-ros-sensors-workflow\\ros-ecosystem\\install;C:\\opt\\ros\\humble\\x64;', 'ROS_PYTHON_VERSION': '3', 'TEMP': 'C:\\Users\\ENGR-U~1\\AppData\\Local\\Temp', 'USERDNSDOMAIN': 'MSMYID.UGA.EDU', 'VXIPNPPATH': 'C:\\Program Files (x86)\\IVI Foundation\\VISA\\', 'ROS_VERSION': '2', 'OneDrive': 'C:\\Users\\engr-ugaif\\OneDrive - University of Georgia', 'USERDOMAIN_ROAMINGPROFILE': 'MYID', 'CommonProgramFiles': 'C:\\Program Files\\Common Files', 'windir': 'C:\\windows', 'ProgramData': 'C:\\ProgramData', 'HOMEPATH': '\\Users\\engr-ugaif', 'COLCON': '1', 'COMPUTERNAME': 'ENGR300551D', 'COLCON_CURRENT_PREFIX': 'C:\\Users\\engr-ugaif\\IF2022-ros-sensors-workflow\\ros-ecosystem\\install', 'RUBY_DLL_PATH': 'C:\\opt\\ros\\humble\\x64\\opt\\rviz_ogre_vendor\\bin;C:\\opt\\ros\\humble\\x64\\bin;', 'ALLUSERSPROFILE': 'C:\\ProgramData', 'CommonProgramW6432': 'C:\\Program Files\\Common Files', 'USERNAME': 'engr-ugaif', 'OneDriveCommercial': 'C:\\Users\\engr-ugaif\\OneDrive - University of Georgia', 'ROS_DISTRO': 'humble', 'NIDAQmxSwitchDir': 'C:\\Program Files (x86)\\National Instruments\\NI-DAQ\\Switch\\', 'CMAKE_PREFIX_PATH': 'C:\\opt\\ros\\humble\\x64\\tools\\vcpkg\\installed\\x64-windows;C:\\opt\\ros\\humble\\x64;', 'PYTHONPATH': 'C:\\Users\\engr-ugaif\\IF2022-ros-sensors-workflow\\ros-ecosystem\\install\\Lib\\site-packages;C:\\Users\\engr-ugaif\\IF2022-ros-sensors-workflow\\ros-ecosystem\\install\\Lib\\site-packages;C:\\opt\\ros\\humble\\x64\\lib\\python3.10\\dist-packages;C:\\opt\\ros\\humble\\x64\\Lib\\site-packages;', 'DriverData': 'C:\\Windows\\System32\\Drivers\\DriverData', 'HOMEDRIVE': 'C:', 'GAZEBO_PLUGIN_PATH': 'lib\\gazebo-10\\plugins', 'SystemRoot': 'C:\\windows', 'SystemDrive': 'C:', 'NUMBER_OF_PROCESSORS': '16', 'OS': 'Windows_NT', 'ProgramFiles': 'C:\\Program Files', 'ComSpec': 'C:\\windows\\system32\\cmd.exe', 'ROS_LOCALHOST_ONLY': '0', 'PATHEXT': '.COM;.EXE;.BAT;.CMD;.VBS;.VBE;.JS;.JSE;.WSF;.WSH;.MSC;.CPL', 'HOME': '%HOMEDRIVE%%HOMEPATH%', 'PSModulePath': 'C:\\Users\\engr-ugaif\\Documents\\WindowsPowerShell\\Modules;C:\\Program Files\\WindowsPowerShell\\Modules;C:\\windows\\system32\\WindowsPowerShell\\v1.0\\Modules', 'APPDATA': 'C:\\Users\\engr-ugaif\\AppData\\Roaming', 'USERDOMAIN': 'MYID', 'PROCESSOR_LEVEL': '6', 'LOCALAPPDATA': 'C:\\Users\\engr-ugaif\\AppData\\Local', 'OV_MO_INSTALL_PATH': 'C:\\Users\\Public\\Documents\\National Instruments\\intel_model_optimizer\\', 'GAZEBO_MODEL_PATH': 'share\\gazebo-10\\models', 'CommonProgramFiles(x86)': 'C:\\Program Files (x86)\\Common Files', 'GAZEBO_RESOURCE_PATH': 'share\\gazebo-10', 'VCPKG_DEFAULT_TRIPLET': 'x64-windows', 'NIEXTCCOMPILERSUPP': 'C:\\Program Files (x86)\\National Instruments\\Shared\\ExternalCompilerSupport\\C\\', 'IGN_GUI_PLUGIN_PATH': 'C:\\opt\\ros\\humble\\x64\\lib\\ign-gui-6\\plugins'}, 'shell': False}
[4.750000] (-) TimerEvent: {}
[4.859000] (-) TimerEvent: {}
[4.969000] (-) TimerEvent: {}
[5.078000] (-) TimerEvent: {}
[5.187000] (-) TimerEvent: {}
[5.297000] (-) TimerEvent: {}
[5.406000] (-) TimerEvent: {}
[5.516000] (-) TimerEvent: {}
[5.625000] (-) TimerEvent: {}
[5.734000] (-) TimerEvent: {}
[5.797000] (tau_lidar_pub) StdoutLine: {'line': b'running egg_info\r\n'}
[5.797000] (webcam_publisher) StdoutLine: {'line': b'running egg_info\r\n'}
[5.797000] (tau_lidar_pub) StdoutLine: {'line': b'writing ..\\..\\build\\tau_lidar_pub\\tau_lidar_pub.egg-info\\PKG-INFO\r\n'}
[5.797000] (webcam_publisher) StdoutLine: {'line': b'writing ..\\..\\build\\webcam_publisher\\webcam_publisher.egg-info\\PKG-INFO\r\n'}
[5.797000] (tau_lidar_pub) StdoutLine: {'line': b'writing dependency_links to ..\\..\\build\\tau_lidar_pub\\tau_lidar_pub.egg-info\\dependency_links.txt\r\n'}
[5.797000] (webcam_publisher) StdoutLine: {'line': b'writing dependency_links to ..\\..\\build\\webcam_publisher\\webcam_publisher.egg-info\\dependency_links.txt\r\n'}
[5.797000] (tau_lidar_pub) StdoutLine: {'line': b'writing entry points to ..\\..\\build\\tau_lidar_pub\\tau_lidar_pub.egg-info\\entry_points.txt\r\n'}
[5.797000] (webcam_publisher) StdoutLine: {'line': b'writing entry points to ..\\..\\build\\webcam_publisher\\webcam_publisher.egg-info\\entry_points.txt\r\n'}
[5.797000] (tau_lidar_pub) StdoutLine: {'line': b'writing requirements to ..\\..\\build\\tau_lidar_pub\\tau_lidar_pub.egg-info\\requires.txt\r\n'}
[5.797000] (webcam_publisher) StdoutLine: {'line': b'writing requirements to ..\\..\\build\\webcam_publisher\\webcam_publisher.egg-info\\requires.txt\r\n'}
[5.797000] (tau_lidar_pub) StdoutLine: {'line': b'writing top-level names to ..\\..\\build\\tau_lidar_pub\\tau_lidar_pub.egg-info\\top_level.txt\r\n'}
[5.797000] (webcam_publisher) StdoutLine: {'line': b'writing top-level names to ..\\..\\build\\webcam_publisher\\webcam_publisher.egg-info\\top_level.txt\r\n'}
[5.812000] (tau_lidar_pub) StdoutLine: {'line': b"reading manifest file '..\\..\\build\\tau_lidar_pub\\tau_lidar_pub.egg-info\\SOURCES.txt'\r\n"}
[5.812000] (webcam_publisher) StdoutLine: {'line': b"reading manifest file '..\\..\\build\\webcam_publisher\\webcam_publisher.egg-info\\SOURCES.txt'\r\n"}
[5.812000] (tau_lidar_pub) StdoutLine: {'line': b"writing manifest file '..\\..\\build\\tau_lidar_pub\\tau_lidar_pub.egg-info\\SOURCES.txt'\r\n"}
[5.812000] (webcam_publisher) StdoutLine: {'line': b"writing manifest file '..\\..\\build\\webcam_publisher\\webcam_publisher.egg-info\\SOURCES.txt'\r\n"}
[5.812000] (tau_lidar_pub) StdoutLine: {'line': b'running build\r\n'}
[5.812000] (tau_lidar_pub) StdoutLine: {'line': b'running build_py\r\n'}
[5.812000] (webcam_publisher) StdoutLine: {'line': b'running build\r\n'}
[5.812000] (webcam_publisher) StdoutLine: {'line': b'running build_py\r\n'}
[5.812000] (tau_lidar_pub) StdoutLine: {'line': b'running install\r\n'}
[5.812000] (webcam_publisher) StdoutLine: {'line': b'running install\r\n'}
[5.812000] (tau_lidar_pub) StdoutLine: {'line': b'running install_lib\r\n'}
[5.812000] (webcam_publisher) StdoutLine: {'line': b'running install_lib\r\n'}
[5.812000] (tau_lidar_pub) StdoutLine: {'line': b'running install_data\r\n'}
[5.812000] (webcam_publisher) StdoutLine: {'line': b'running install_data\r\n'}
[5.812000] (tau_lidar_pub) StdoutLine: {'line': b'running install_egg_info\r\n'}
[5.812000] (webcam_publisher) StdoutLine: {'line': b'running install_egg_info\r\n'}
[5.828000] (tau_lidar_pub) StdoutLine: {'line': b"removing 'C:\\Users\\engr-ugaif\\IF2022-ros-sensors-workflow\\ros-ecosystem\\install\\Lib\\site-packages\\tau_lidar_pub-0.0.0-py3.10.egg-info' (and everything under it)\r\n"}
[5.828000] (webcam_publisher) StdoutLine: {'line': b"removing 'C:\\Users\\engr-ugaif\\IF2022-ros-sensors-workflow\\ros-ecosystem\\install\\Lib\\site-packages\\webcam_publisher-0.0.0-py3.10.egg-info' (and everything under it)\r\n"}
[5.828000] (tau_lidar_pub) StdoutLine: {'line': b'Copying ..\\..\\build\\tau_lidar_pub\\tau_lidar_pub.egg-info to C:\\Users\\engr-ugaif\\IF2022-ros-sensors-workflow\\ros-ecosystem\\install\\Lib\\site-packages\\tau_lidar_pub-0.0.0-py3.10.egg-info\r\n'}
[5.828000] (webcam_publisher) StdoutLine: {'line': b'Copying ..\\..\\build\\webcam_publisher\\webcam_publisher.egg-info to C:\\Users\\engr-ugaif\\IF2022-ros-sensors-workflow\\ros-ecosystem\\install\\Lib\\site-packages\\webcam_publisher-0.0.0-py3.10.egg-info\r\n'}
[5.859000] (-) TimerEvent: {}
[5.859000] (tau_lidar_pub) StdoutLine: {'line': b'running install_scripts\r\n'}
[5.859000] (webcam_publisher) StdoutLine: {'line': b'running install_scripts\r\n'}
[5.891000] (tau_lidar_pub) StdoutLine: {'line': b"writing list of installed files to 'C:\\Users\\engr-ugaif\\IF2022-ros-sensors-workflow\\ros-ecosystem\\build\\tau_lidar_pub\\install.log'\r\n"}
[5.891000] (webcam_publisher) StdoutLine: {'line': b'Installing pub-script.py script to C:\\Users\\engr-ugaif\\IF2022-ros-sensors-workflow\\ros-ecosystem\\install\\lib\\webcam_publisher\r\n'}
[5.891000] (webcam_publisher) StdoutLine: {'line': b'Installing pub.exe script to C:\\Users\\engr-ugaif\\IF2022-ros-sensors-workflow\\ros-ecosystem\\install\\lib\\webcam_publisher\r\n'}
[5.906000] (webcam_publisher) StdoutLine: {'line': b"writing list of installed files to 'C:\\Users\\engr-ugaif\\IF2022-ros-sensors-workflow\\ros-ecosystem\\build\\webcam_publisher\\install.log'\r\n"}
[5.922000] (tau_lidar_pub) CommandEnded: {'returncode': 0}
[5.969000] (-) TimerEvent: {}
[5.969000] (tau_lidar_pub) JobEnded: {'identifier': 'tau_lidar_pub', 'rc': 0}
[5.984000] (webcam_publisher) CommandEnded: {'returncode': 0}
[6.016000] (webcam_publisher) JobEnded: {'identifier': 'webcam_publisher', 'rc': 0}
[6.016000] (-) EventReactorShutdown: {}
