[1.358s] [34mcolcon[0m [1;30mDEBUG[0m [32mCommand line arguments: ['C:\\opt\\ros\\humble\\x64\\Scripts\\colcon', 'build', '--merge-install'][0m
[1.358s] [34mcolcon[0m [1;30mDEBUG[0m [32mParsed command line arguments: Namespace(log_base=None, log_level=None, verb_name='build', build_base='build', install_base='install', merge_install=True, symlink_install=False, test_result_base=None, continue_on_error=False, executor='parallel', parallel_workers=16, event_handlers=None, ignore_user_meta=False, metas=['./colcon.meta'], base_paths=['.'], packages_ignore=None, packages_ignore_regex=None, paths=None, packages_up_to=None, packages_up_to_regex=None, packages_above=None, packages_above_and_dependencies=None, packages_above_depth=None, packages_select_by_dep=None, packages_skip_by_dep=None, packages_skip_up_to=None, packages_select_build_failed=False, packages_skip_build_finished=False, packages_select_test_failures=False, packages_skip_test_passed=False, packages_select=None, packages_skip=None, packages_select_regex=None, packages_skip_regex=None, packages_start=None, packages_end=None, cmake_args=None, cmake_target=None, cmake_target_skip_unavailable=False, cmake_clean_cache=False, cmake_clean_first=False, cmake_force_configure=False, ament_cmake_args=None, catkin_cmake_args=None, catkin_skip_building_tests=False, verb_parser=<colcon_defaults.argument_parser.defaults.DefaultArgumentsDecorator object at 0x0000021F38D05A50>, verb_extension=<colcon_core.verb.build.BuildVerb object at 0x0000021F38D057E0>, main=<bound method BuildVerb.main of <colcon_core.verb.build.BuildVerb object at 0x0000021F38D057E0>>)[0m
[1.933s] [34mcolcon.colcon_core.package_discovery[0m [1;30mLevel 1[0m discover_packages(colcon_meta) check parameters
[1.933s] [34mcolcon.colcon_core.package_discovery[0m [1;30mLevel 1[0m discover_packages(recursive) check parameters
[1.933s] [34mcolcon.colcon_core.package_discovery[0m [1;30mLevel 1[0m discover_packages(ignore) check parameters
[1.933s] [34mcolcon.colcon_core.package_discovery[0m [1;30mLevel 1[0m discover_packages(path) check parameters
[1.933s] [34mcolcon.colcon_core.package_discovery[0m [1;30mLevel 1[0m discover_packages(colcon_meta) discover
[1.933s] [34mcolcon.colcon_core.package_discovery[0m [1;30mLevel 1[0m discover_packages(recursive) discover
[1.933s] [34mcolcon.colcon_core.package_discovery[0m [1;30mINFO[0m Crawling recursively for packages in 'C:\Users\engr-ugaif\IF2022-ros-sensors-workflow\ros-ecosystem'
[1.933s] [34mcolcon.colcon_core.package_identification[0m [1;30mLevel 1[0m _identify(.) by extensions ['ignore', 'ignore_ament_install']
[1.933s] [34mcolcon.colcon_core.package_identification[0m [1;30mLevel 1[0m _identify(.) by extension 'ignore'
[1.933s] [34mcolcon.colcon_core.package_identification[0m [1;30mLevel 1[0m _identify(.) by extension 'ignore_ament_install'
[1.933s] [34mcolcon.colcon_core.package_identification[0m [1;30mLevel 1[0m _identify(.) by extensions ['colcon_pkg']
[1.933s] [34mcolcon.colcon_core.package_identification[0m [1;30mLevel 1[0m _identify(.) by extension 'colcon_pkg'
[1.933s] [34mcolcon.colcon_core.package_identification[0m [1;30mLevel 1[0m _identify(.) by extensions ['colcon_meta']
[1.933s] [34mcolcon.colcon_core.package_identification[0m [1;30mLevel 1[0m _identify(.) by extension 'colcon_meta'
[1.933s] [34mcolcon.colcon_core.package_identification[0m [1;30mLevel 1[0m _identify(.) by extensions ['ros']
[1.933s] [34mcolcon.colcon_core.package_identification[0m [1;30mLevel 1[0m _identify(.) by extension 'ros'
[1.963s] [34mcolcon.colcon_core.package_identification[0m [1;30mLevel 1[0m _identify(.) by extensions ['cmake', 'python']
[1.963s] [34mcolcon.colcon_core.package_identification[0m [1;30mLevel 1[0m _identify(.) by extension 'cmake'
[1.963s] [34mcolcon.colcon_core.package_identification[0m [1;30mLevel 1[0m _identify(.) by extension 'python'
[1.963s] [34mcolcon.colcon_core.package_identification[0m [1;30mLevel 1[0m _identify(.) by extensions ['python_setup_py']
[1.963s] [34mcolcon.colcon_core.package_identification[0m [1;30mLevel 1[0m _identify(.) by extension 'python_setup_py'
[1.963s] [34mcolcon.colcon_core.package_identification[0m [1;30mLevel 1[0m _identify(build) by extensions ['ignore', 'ignore_ament_install']
[1.963s] [34mcolcon.colcon_core.package_identification[0m [1;30mLevel 1[0m _identify(build) by extension 'ignore'
[1.963s] [34mcolcon.colcon_core.package_identification[0m [1;30mLevel 1[0m _identify(build) ignored
[1.963s] [34mcolcon.colcon_core.package_identification[0m [1;30mLevel 1[0m _identify(install) by extensions ['ignore', 'ignore_ament_install']
[1.963s] [34mcolcon.colcon_core.package_identification[0m [1;30mLevel 1[0m _identify(install) by extension 'ignore'
[1.963s] [34mcolcon.colcon_core.package_identification[0m [1;30mLevel 1[0m _identify(install) ignored
[1.963s] [34mcolcon.colcon_core.package_identification[0m [1;30mLevel 1[0m _identify(log) by extensions ['ignore', 'ignore_ament_install']
[1.963s] [34mcolcon.colcon_core.package_identification[0m [1;30mLevel 1[0m _identify(log) by extension 'ignore'
[1.963s] [34mcolcon.colcon_core.package_identification[0m [1;30mLevel 1[0m _identify(log) ignored
[1.963s] [34mcolcon.colcon_core.package_identification[0m [1;30mLevel 1[0m _identify(src) by extensions ['ignore', 'ignore_ament_install']
[1.963s] [34mcolcon.colcon_core.package_identification[0m [1;30mLevel 1[0m _identify(src) by extension 'ignore'
[1.963s] [34mcolcon.colcon_core.package_identification[0m [1;30mLevel 1[0m _identify(src) by extension 'ignore_ament_install'
[1.963s] [34mcolcon.colcon_core.package_identification[0m [1;30mLevel 1[0m _identify(src) by extensions ['colcon_pkg']
[1.963s] [34mcolcon.colcon_core.package_identification[0m [1;30mLevel 1[0m _identify(src) by extension 'colcon_pkg'
[1.963s] [34mcolcon.colcon_core.package_identification[0m [1;30mLevel 1[0m _identify(src) by extensions ['colcon_meta']
[1.963s] [34mcolcon.colcon_core.package_identification[0m [1;30mLevel 1[0m _identify(src) by extension 'colcon_meta'
[1.963s] [34mcolcon.colcon_core.package_identification[0m [1;30mLevel 1[0m _identify(src) by extensions ['ros']
[1.963s] [34mcolcon.colcon_core.package_identification[0m [1;30mLevel 1[0m _identify(src) by extension 'ros'
[1.963s] [34mcolcon.colcon_core.package_identification[0m [1;30mLevel 1[0m _identify(src) by extensions ['cmake', 'python']
[1.963s] [34mcolcon.colcon_core.package_identification[0m [1;30mLevel 1[0m _identify(src) by extension 'cmake'
[1.963s] [34mcolcon.colcon_core.package_identification[0m [1;30mLevel 1[0m _identify(src) by extension 'python'
[1.963s] [34mcolcon.colcon_core.package_identification[0m [1;30mLevel 1[0m _identify(src) by extensions ['python_setup_py']
[1.963s] [34mcolcon.colcon_core.package_identification[0m [1;30mLevel 1[0m _identify(src) by extension 'python_setup_py'
[1.963s] [34mcolcon.colcon_core.package_identification[0m [1;30mLevel 1[0m _identify(src\ros2_mediapipe) by extensions ['ignore', 'ignore_ament_install']
[1.963s] [34mcolcon.colcon_core.package_identification[0m [1;30mLevel 1[0m _identify(src\ros2_mediapipe) by extension 'ignore'
[1.963s] [34mcolcon.colcon_core.package_identification[0m [1;30mLevel 1[0m _identify(src\ros2_mediapipe) by extension 'ignore_ament_install'
[1.963s] [34mcolcon.colcon_core.package_identification[0m [1;30mLevel 1[0m _identify(src\ros2_mediapipe) by extensions ['colcon_pkg']
[1.963s] [34mcolcon.colcon_core.package_identification[0m [1;30mLevel 1[0m _identify(src\ros2_mediapipe) by extension 'colcon_pkg'
[1.963s] [34mcolcon.colcon_core.package_identification[0m [1;30mLevel 1[0m _identify(src\ros2_mediapipe) by extensions ['colcon_meta']
[1.963s] [34mcolcon.colcon_core.package_identification[0m [1;30mLevel 1[0m _identify(src\ros2_mediapipe) by extension 'colcon_meta'
[1.973s] [34mcolcon.colcon_core.package_identification[0m [1;30mLevel 1[0m _identify(src\ros2_mediapipe) by extensions ['ros']
[1.973s] [34mcolcon.colcon_core.package_identification[0m [1;30mLevel 1[0m _identify(src\ros2_mediapipe) by extension 'ros'
[1.973s] [34mcolcon.colcon_core.package_identification[0m [1;30mLevel 1[0m _identify(src\ros2_mediapipe) by extensions ['cmake', 'python']
[1.973s] [34mcolcon.colcon_core.package_identification[0m [1;30mLevel 1[0m _identify(src\ros2_mediapipe) by extension 'cmake'
[1.973s] [34mcolcon.colcon_core.package_identification[0m [1;30mLevel 1[0m _identify(src\ros2_mediapipe) by extension 'python'
[1.973s] [34mcolcon.colcon_core.package_identification[0m [1;30mLevel 1[0m _identify(src\ros2_mediapipe) by extensions ['python_setup_py']
[1.973s] [34mcolcon.colcon_core.package_identification[0m [1;30mLevel 1[0m _identify(src\ros2_mediapipe) by extension 'python_setup_py'
[1.973s] [34mcolcon.colcon_core.package_identification[0m [1;30mLevel 1[0m _identify(src\ros2_mediapipe\mediapipe_ros) by extensions ['ignore', 'ignore_ament_install']
[1.973s] [34mcolcon.colcon_core.package_identification[0m [1;30mLevel 1[0m _identify(src\ros2_mediapipe\mediapipe_ros) by extension 'ignore'
[1.973s] [34mcolcon.colcon_core.package_identification[0m [1;30mLevel 1[0m _identify(src\ros2_mediapipe\mediapipe_ros) by extension 'ignore_ament_install'
[1.973s] [34mcolcon.colcon_core.package_identification[0m [1;30mLevel 1[0m _identify(src\ros2_mediapipe\mediapipe_ros) by extensions ['colcon_pkg']
[1.973s] [34mcolcon.colcon_core.package_identification[0m [1;30mLevel 1[0m _identify(src\ros2_mediapipe\mediapipe_ros) by extension 'colcon_pkg'
[1.973s] [34mcolcon.colcon_core.package_identification[0m [1;30mLevel 1[0m _identify(src\ros2_mediapipe\mediapipe_ros) by extensions ['colcon_meta']
[1.973s] [34mcolcon.colcon_core.package_identification[0m [1;30mLevel 1[0m _identify(src\ros2_mediapipe\mediapipe_ros) by extension 'colcon_meta'
[1.973s] [34mcolcon.colcon_core.package_identification[0m [1;30mLevel 1[0m _identify(src\ros2_mediapipe\mediapipe_ros) by extensions ['ros']
[1.973s] [34mcolcon.colcon_core.package_identification[0m [1;30mLevel 1[0m _identify(src\ros2_mediapipe\mediapipe_ros) by extension 'ros'
[1.973s] [34mcolcon.colcon_core.package_identification[0m [1;30mLevel 1[0m _identify(src\ros2_mediapipe\mediapipe_ros) by extensions ['cmake', 'python']
[1.973s] [34mcolcon.colcon_core.package_identification[0m [1;30mLevel 1[0m _identify(src\ros2_mediapipe\mediapipe_ros) by extension 'cmake'
[1.973s] [34mcolcon.colcon_core.package_identification[0m [1;30mLevel 1[0m _identify(src\ros2_mediapipe\mediapipe_ros) by extension 'python'
[1.973s] [34mcolcon.colcon_core.package_identification[0m [1;30mLevel 1[0m _identify(src\ros2_mediapipe\mediapipe_ros) by extensions ['python_setup_py']
[1.973s] [34mcolcon.colcon_core.package_identification[0m [1;30mLevel 1[0m _identify(src\ros2_mediapipe\mediapipe_ros) by extension 'python_setup_py'
[1.973s] [34mcolcon.colcon_core.package_identification[0m [1;30mLevel 1[0m _identify(src\ros2_mediapipe\scripts) by extensions ['ignore', 'ignore_ament_install']
[1.973s] [34mcolcon.colcon_core.package_identification[0m [1;30mLevel 1[0m _identify(src\ros2_mediapipe\scripts) by extension 'ignore'
[1.973s] [34mcolcon.colcon_core.package_identification[0m [1;30mLevel 1[0m _identify(src\ros2_mediapipe\scripts) by extension 'ignore_ament_install'
[1.973s] [34mcolcon.colcon_core.package_identification[0m [1;30mLevel 1[0m _identify(src\ros2_mediapipe\scripts) by extensions ['colcon_pkg']
[1.973s] [34mcolcon.colcon_core.package_identification[0m [1;30mLevel 1[0m _identify(src\ros2_mediapipe\scripts) by extension 'colcon_pkg'
[1.973s] [34mcolcon.colcon_core.package_identification[0m [1;30mLevel 1[0m _identify(src\ros2_mediapipe\scripts) by extensions ['colcon_meta']
[1.973s] [34mcolcon.colcon_core.package_identification[0m [1;30mLevel 1[0m _identify(src\ros2_mediapipe\scripts) by extension 'colcon_meta'
[1.973s] [34mcolcon.colcon_core.package_identification[0m [1;30mLevel 1[0m _identify(src\ros2_mediapipe\scripts) by extensions ['ros']
[1.973s] [34mcolcon.colcon_core.package_identification[0m [1;30mLevel 1[0m _identify(src\ros2_mediapipe\scripts) by extension 'ros'
[1.973s] [34mcolcon.colcon_core.package_identification[0m [1;30mLevel 1[0m _identify(src\ros2_mediapipe\scripts) by extensions ['cmake', 'python']
[1.973s] [34mcolcon.colcon_core.package_identification[0m [1;30mLevel 1[0m _identify(src\ros2_mediapipe\scripts) by extension 'cmake'
[1.973s] [34mcolcon.colcon_core.package_identification[0m [1;30mLevel 1[0m _identify(src\ros2_mediapipe\scripts) by extension 'python'
[1.973s] [34mcolcon.colcon_core.package_identification[0m [1;30mLevel 1[0m _identify(src\ros2_mediapipe\scripts) by extensions ['python_setup_py']
[1.973s] [34mcolcon.colcon_core.package_identification[0m [1;30mLevel 1[0m _identify(src\ros2_mediapipe\scripts) by extension 'python_setup_py'
[1.973s] [34mcolcon.colcon_core.package_identification[0m [1;30mLevel 1[0m _identify(src\tau_lidar_pub) by extensions ['ignore', 'ignore_ament_install']
[1.973s] [34mcolcon.colcon_core.package_identification[0m [1;30mLevel 1[0m _identify(src\tau_lidar_pub) by extension 'ignore'
[1.973s] [34mcolcon.colcon_core.package_identification[0m [1;30mLevel 1[0m _identify(src\tau_lidar_pub) by extension 'ignore_ament_install'
[1.973s] [34mcolcon.colcon_core.package_identification[0m [1;30mLevel 1[0m _identify(src\tau_lidar_pub) by extensions ['colcon_pkg']
[1.973s] [34mcolcon.colcon_core.package_identification[0m [1;30mLevel 1[0m _identify(src\tau_lidar_pub) by extension 'colcon_pkg'
[1.973s] [34mcolcon.colcon_core.package_identification[0m [1;30mLevel 1[0m _identify(src\tau_lidar_pub) by extensions ['colcon_meta']
[1.973s] [34mcolcon.colcon_core.package_identification[0m [1;30mLevel 1[0m _identify(src\tau_lidar_pub) by extension 'colcon_meta'
[1.973s] [34mcolcon.colcon_core.package_identification[0m [1;30mLevel 1[0m _identify(src\tau_lidar_pub) by extensions ['ros']
[1.973s] [34mcolcon.colcon_core.package_identification[0m [1;30mLevel 1[0m _identify(src\tau_lidar_pub) by extension 'ros'
[1.973s] [34mcolcon.colcon_core.package_identification[0m [1;30mDEBUG[0m [32mPackage 'src\tau_lidar_pub' with type 'ros.ament_python' and name 'tau_lidar_pub'[0m
[1.983s] [34mcolcon.colcon_core.package_identification[0m [1;30mLevel 1[0m _identify(src\webcam_publisher) by extensions ['ignore', 'ignore_ament_install']
[1.983s] [34mcolcon.colcon_core.package_identification[0m [1;30mLevel 1[0m _identify(src\webcam_publisher) by extension 'ignore'
[1.983s] [34mcolcon.colcon_core.package_identification[0m [1;30mLevel 1[0m _identify(src\webcam_publisher) by extension 'ignore_ament_install'
[1.983s] [34mcolcon.colcon_core.package_identification[0m [1;30mLevel 1[0m _identify(src\webcam_publisher) by extensions ['colcon_pkg']
[1.983s] [34mcolcon.colcon_core.package_identification[0m [1;30mLevel 1[0m _identify(src\webcam_publisher) by extension 'colcon_pkg'
[1.983s] [34mcolcon.colcon_core.package_identification[0m [1;30mLevel 1[0m _identify(src\webcam_publisher) by extensions ['colcon_meta']
[1.983s] [34mcolcon.colcon_core.package_identification[0m [1;30mLevel 1[0m _identify(src\webcam_publisher) by extension 'colcon_meta'
[1.983s] [34mcolcon.colcon_core.package_identification[0m [1;30mLevel 1[0m _identify(src\webcam_publisher) by extensions ['ros']
[1.983s] [34mcolcon.colcon_core.package_identification[0m [1;30mLevel 1[0m _identify(src\webcam_publisher) by extension 'ros'
[1.983s] [34mcolcon.colcon_core.package_identification[0m [1;30mDEBUG[0m [32mPackage 'src\webcam_publisher' with type 'ros.ament_python' and name 'webcam_publisher'[0m
[1.983s] [34mcolcon.colcon_core.package_discovery[0m [1;30mLevel 1[0m discover_packages(recursive) using defaults
[1.983s] [34mcolcon.colcon_core.package_discovery[0m [1;30mLevel 1[0m discover_packages(ignore) discover
[1.983s] [34mcolcon.colcon_core.package_discovery[0m [1;30mLevel 1[0m discover_packages(ignore) using defaults
[1.983s] [34mcolcon.colcon_core.package_discovery[0m [1;30mLevel 1[0m discover_packages(path) discover
[1.983s] [34mcolcon.colcon_core.package_discovery[0m [1;30mLevel 1[0m discover_packages(path) using defaults
[2.050s] [34mcolcon.colcon_core.verb[0m [1;30mLevel 5[0m set package 'tau_lidar_pub' build argument 'cmake_args' from command line to 'None'
[2.050s] [34mcolcon.colcon_core.verb[0m [1;30mLevel 5[0m set package 'tau_lidar_pub' build argument 'cmake_target' from command line to 'None'
[2.050s] [34mcolcon.colcon_core.verb[0m [1;30mLevel 5[0m set package 'tau_lidar_pub' build argument 'cmake_target_skip_unavailable' from command line to 'False'
[2.050s] [34mcolcon.colcon_core.verb[0m [1;30mLevel 5[0m set package 'tau_lidar_pub' build argument 'cmake_clean_cache' from command line to 'False'
[2.050s] [34mcolcon.colcon_core.verb[0m [1;30mLevel 5[0m set package 'tau_lidar_pub' build argument 'cmake_clean_first' from command line to 'False'
[2.050s] [34mcolcon.colcon_core.verb[0m [1;30mLevel 5[0m set package 'tau_lidar_pub' build argument 'cmake_force_configure' from command line to 'False'
[2.050s] [34mcolcon.colcon_core.verb[0m [1;30mLevel 5[0m set package 'tau_lidar_pub' build argument 'ament_cmake_args' from command line to 'None'
[2.050s] [34mcolcon.colcon_core.verb[0m [1;30mLevel 5[0m set package 'tau_lidar_pub' build argument 'catkin_cmake_args' from command line to 'None'
[2.050s] [34mcolcon.colcon_core.verb[0m [1;30mLevel 5[0m set package 'tau_lidar_pub' build argument 'catkin_skip_building_tests' from command line to 'False'
[2.050s] [34mcolcon.colcon_core.verb[0m [1;30mDEBUG[0m [32mBuilding package 'tau_lidar_pub' with the following arguments: {'ament_cmake_args': None, 'build_base': 'C:\\Users\\engr-ugaif\\IF2022-ros-sensors-workflow\\ros-ecosystem\\build\\tau_lidar_pub', 'catkin_cmake_args': None, 'catkin_skip_building_tests': False, 'cmake_args': None, 'cmake_clean_cache': False, 'cmake_clean_first': False, 'cmake_force_configure': False, 'cmake_target': None, 'cmake_target_skip_unavailable': False, 'install_base': 'C:\\Users\\engr-ugaif\\IF2022-ros-sensors-workflow\\ros-ecosystem\\install', 'merge_install': True, 'path': 'C:\\Users\\engr-ugaif\\IF2022-ros-sensors-workflow\\ros-ecosystem\\src\\tau_lidar_pub', 'symlink_install': False, 'test_result_base': None}[0m
[2.060s] [34mcolcon.colcon_core.verb[0m [1;30mLevel 5[0m set package 'webcam_publisher' build argument 'cmake_args' from command line to 'None'
[2.061s] [34mcolcon.colcon_core.verb[0m [1;30mLevel 5[0m set package 'webcam_publisher' build argument 'cmake_target' from command line to 'None'
[2.061s] [34mcolcon.colcon_core.verb[0m [1;30mLevel 5[0m set package 'webcam_publisher' build argument 'cmake_target_skip_unavailable' from command line to 'False'
[2.061s] [34mcolcon.colcon_core.verb[0m [1;30mLevel 5[0m set package 'webcam_publisher' build argument 'cmake_clean_cache' from command line to 'False'
[2.061s] [34mcolcon.colcon_core.verb[0m [1;30mLevel 5[0m set package 'webcam_publisher' build argument 'cmake_clean_first' from command line to 'False'
[2.061s] [34mcolcon.colcon_core.verb[0m [1;30mLevel 5[0m set package 'webcam_publisher' build argument 'cmake_force_configure' from command line to 'False'
[2.061s] [34mcolcon.colcon_core.verb[0m [1;30mLevel 5[0m set package 'webcam_publisher' build argument 'ament_cmake_args' from command line to 'None'
[2.061s] [34mcolcon.colcon_core.verb[0m [1;30mLevel 5[0m set package 'webcam_publisher' build argument 'catkin_cmake_args' from command line to 'None'
[2.061s] [34mcolcon.colcon_core.verb[0m [1;30mLevel 5[0m set package 'webcam_publisher' build argument 'catkin_skip_building_tests' from command line to 'False'
[2.061s] [34mcolcon.colcon_core.verb[0m [1;30mDEBUG[0m [32mBuilding package 'webcam_publisher' with the following arguments: {'ament_cmake_args': None, 'build_base': 'C:\\Users\\engr-ugaif\\IF2022-ros-sensors-workflow\\ros-ecosystem\\build\\webcam_publisher', 'catkin_cmake_args': None, 'catkin_skip_building_tests': False, 'cmake_args': None, 'cmake_clean_cache': False, 'cmake_clean_first': False, 'cmake_force_configure': False, 'cmake_target': None, 'cmake_target_skip_unavailable': False, 'install_base': 'C:\\Users\\engr-ugaif\\IF2022-ros-sensors-workflow\\ros-ecosystem\\install', 'merge_install': True, 'path': 'C:\\Users\\engr-ugaif\\IF2022-ros-sensors-workflow\\ros-ecosystem\\src\\webcam_publisher', 'symlink_install': False, 'test_result_base': None}[0m
[2.064s] [34mcolcon.colcon_core.executor[0m [1;30mINFO[0m Executing jobs using 'parallel' executor
[2.085s] [34mcolcon.colcon_parallel_executor.executor.parallel[0m [1;30mDEBUG[0m [32mrun_until_complete[0m
[2.086s] [34mcolcon.colcon_ros.task.ament_python.build[0m [1;30mINFO[0m Building ROS package in 'C:\Users\engr-ugaif\IF2022-ros-sensors-workflow\ros-ecosystem\src\tau_lidar_pub' with build type 'ament_python'
[2.086s] [34mcolcon.colcon_core.shell[0m [1;30mLevel 1[0m create_environment_hook('tau_lidar_pub', 'ament_prefix_path')
[2.094s] [34mcolcon.colcon_core.plugin_system[0m [1;30mINFO[0m Skipping extension 'colcon_core.shell.sh': Not used on Windows systems
[2.094s] [34mcolcon.colcon_core.shell[0m [1;30mINFO[0m Creating environment hook 'C:\Users\engr-ugaif\IF2022-ros-sensors-workflow\ros-ecosystem\install\share\tau_lidar_pub\hook\ament_prefix_path.ps1'
[2.097s] [34mcolcon.colcon_core.shell[0m [1;30mINFO[0m Creating environment hook 'C:\Users\engr-ugaif\IF2022-ros-sensors-workflow\ros-ecosystem\install\share\tau_lidar_pub\hook\ament_prefix_path.bat'
[2.101s] [34mcolcon.colcon_core.shell[0m [1;30mINFO[0m Creating environment descriptor 'C:\Users\engr-ugaif\IF2022-ros-sensors-workflow\ros-ecosystem\install\share\tau_lidar_pub\hook\ament_prefix_path.dsv'
[2.118s] [34mcolcon.colcon_ros.prefix_path.catkin[0m [1;30mWARNING[0m [33mThe path 'C:\opt\ros\humble\x64\tools\vcpkg\installed\x64-windows' in the environment variable CMAKE_PREFIX_PATH doesn't exist[0m
[2.258s] [34mcolcon.colcon_ros.task.ament_python.build[0m [1;30mINFO[0m Building ROS package in 'C:\Users\engr-ugaif\IF2022-ros-sensors-workflow\ros-ecosystem\src\webcam_publisher' with build type 'ament_python'
[2.258s] [34mcolcon.colcon_core.shell[0m [1;30mLevel 1[0m create_environment_hook('webcam_publisher', 'ament_prefix_path')
[2.264s] [34mcolcon.colcon_core.shell[0m [1;30mINFO[0m Creating environment hook 'C:\Users\engr-ugaif\IF2022-ros-sensors-workflow\ros-ecosystem\install\share\webcam_publisher\hook\ament_prefix_path.ps1'
[2.267s] [34mcolcon.colcon_core.shell[0m [1;30mINFO[0m Creating environment hook 'C:\Users\engr-ugaif\IF2022-ros-sensors-workflow\ros-ecosystem\install\share\webcam_publisher\hook\ament_prefix_path.bat'
[2.271s] [34mcolcon.colcon_core.shell[0m [1;30mINFO[0m Creating environment descriptor 'C:\Users\engr-ugaif\IF2022-ros-sensors-workflow\ros-ecosystem\install\share\webcam_publisher\hook\ament_prefix_path.dsv'
[3.703s] [34mcolcon.colcon_core.task.python.build[0m [1;30mINFO[0m Building Python package in 'C:\Users\engr-ugaif\IF2022-ros-sensors-workflow\ros-ecosystem\src\tau_lidar_pub'
[4.986s] [34mcolcon.colcon_core.task.python.build[0m [1;30mINFO[0m Building Python package in 'C:\Users\engr-ugaif\IF2022-ros-sensors-workflow\ros-ecosystem\src\webcam_publisher'
[6.754s] [34mcolcon.colcon_core.event_handler.log_command[0m [1;30mDEBUG[0m [32mInvoking command in 'C:\Users\engr-ugaif\IF2022-ros-sensors-workflow\ros-ecosystem\src\tau_lidar_pub': PYTHONPATH=C:\Users\engr-ugaif\IF2022-ros-sensors-workflow\ros-ecosystem\install\Lib\site-packages;%PYTHONPATH% c:\opt\ros\humble\x64\python.exe setup.py egg_info --egg-base ..\..\build\tau_lidar_pub build --build-base C:\Users\engr-ugaif\IF2022-ros-sensors-workflow\ros-ecosystem\build\tau_lidar_pub\build install --prefix C:\Users\engr-ugaif\IF2022-ros-sensors-workflow\ros-ecosystem\install --record C:\Users\engr-ugaif\IF2022-ros-sensors-workflow\ros-ecosystem\build\tau_lidar_pub\install.log --single-version-externally-managed[0m
[6.764s] [34mcolcon.colcon_core.event_handler.log_command[0m [1;30mDEBUG[0m [32mInvoking command in 'C:\Users\engr-ugaif\IF2022-ros-sensors-workflow\ros-ecosystem\src\webcam_publisher': PYTHONPATH=C:\Users\engr-ugaif\IF2022-ros-sensors-workflow\ros-ecosystem\install\Lib\site-packages;%PYTHONPATH% c:\opt\ros\humble\x64\python.exe setup.py egg_info --egg-base ..\..\build\webcam_publisher build --build-base C:\Users\engr-ugaif\IF2022-ros-sensors-workflow\ros-ecosystem\build\webcam_publisher\build install --prefix C:\Users\engr-ugaif\IF2022-ros-sensors-workflow\ros-ecosystem\install --record C:\Users\engr-ugaif\IF2022-ros-sensors-workflow\ros-ecosystem\build\webcam_publisher\install.log --single-version-externally-managed[0m
[8.010s] [34mcolcon.colcon_core.event_handler.log_command[0m [1;30mDEBUG[0m [32mInvoked command in 'C:\Users\engr-ugaif\IF2022-ros-sensors-workflow\ros-ecosystem\src\tau_lidar_pub' returned '0': PYTHONPATH=C:\Users\engr-ugaif\IF2022-ros-sensors-workflow\ros-ecosystem\install\Lib\site-packages;%PYTHONPATH% c:\opt\ros\humble\x64\python.exe setup.py egg_info --egg-base ..\..\build\tau_lidar_pub build --build-base C:\Users\engr-ugaif\IF2022-ros-sensors-workflow\ros-ecosystem\build\tau_lidar_pub\build install --prefix C:\Users\engr-ugaif\IF2022-ros-sensors-workflow\ros-ecosystem\install --record C:\Users\engr-ugaif\IF2022-ros-sensors-workflow\ros-ecosystem\build\tau_lidar_pub\install.log --single-version-externally-managed[0m
[8.020s] [34mcolcon.colcon_core.environment[0m [1;30mLevel 1[0m checking 'C:\Users\engr-ugaif\IF2022-ros-sensors-workflow\ros-ecosystem\install' for CMake module files
[8.020s] [34mcolcon.colcon_core.environment[0m [1;30mLevel 1[0m checking 'C:\Users\engr-ugaif\IF2022-ros-sensors-workflow\ros-ecosystem\install' for CMake config files
[8.030s] [34mcolcon.colcon_core.environment[0m [1;30mLevel 1[0m checking 'C:\Users\engr-ugaif\IF2022-ros-sensors-workflow\ros-ecosystem\install\bin'
[8.030s] [34mcolcon.colcon_core.environment[0m [1;30mLevel 1[0m checking 'C:\Users\engr-ugaif\IF2022-ros-sensors-workflow\ros-ecosystem\install\bin'
[8.030s] [34mcolcon.colcon_core.environment[0m [1;30mLevel 1[0m checking 'C:\Users\engr-ugaif\IF2022-ros-sensors-workflow\ros-ecosystem\install\lib\pkgconfig\tau_lidar_pub.pc'
[8.030s] [34mcolcon.colcon_core.environment[0m [1;30mLevel 1[0m checking 'C:\Users\engr-ugaif\IF2022-ros-sensors-workflow\ros-ecosystem\install\Lib\site-packages'
[8.030s] [34mcolcon.colcon_core.shell[0m [1;30mLevel 1[0m create_environment_hook('tau_lidar_pub', 'pythonpath')
[8.030s] [34mcolcon.colcon_core.shell[0m [1;30mINFO[0m Creating environment hook 'C:\Users\engr-ugaif\IF2022-ros-sensors-workflow\ros-ecosystem\install\share\tau_lidar_pub\hook\pythonpath.ps1'
[8.040s] [34mcolcon.colcon_core.shell[0m [1;30mINFO[0m Creating environment hook 'C:\Users\engr-ugaif\IF2022-ros-sensors-workflow\ros-ecosystem\install\share\tau_lidar_pub\hook\pythonpath.bat'
[8.040s] [34mcolcon.colcon_core.shell[0m [1;30mINFO[0m Creating environment descriptor 'C:\Users\engr-ugaif\IF2022-ros-sensors-workflow\ros-ecosystem\install\share\tau_lidar_pub\hook\pythonpath.dsv'
[8.040s] [34mcolcon.colcon_core.environment[0m [1;30mLevel 1[0m checking 'C:\Users\engr-ugaif\IF2022-ros-sensors-workflow\ros-ecosystem\install\Scripts'
[8.040s] [34mcolcon.colcon_core.environment[0m [1;30mLevel 1[0m create_environment_scripts_only(tau_lidar_pub)
[8.050s] [34mcolcon.colcon_core.shell[0m [1;30mINFO[0m Creating package script 'C:\Users\engr-ugaif\IF2022-ros-sensors-workflow\ros-ecosystem\install\share\tau_lidar_pub\package.ps1'
[8.050s] [34mcolcon.colcon_core.shell[0m [1;30mINFO[0m Creating package script 'C:\Users\engr-ugaif\IF2022-ros-sensors-workflow\ros-ecosystem\install\share\tau_lidar_pub\package.bat'
[8.060s] [34mcolcon.colcon_core.shell[0m [1;30mINFO[0m Creating package descriptor 'C:\Users\engr-ugaif\IF2022-ros-sensors-workflow\ros-ecosystem\install\share\tau_lidar_pub\package.dsv'
[8.060s] [34mcolcon.colcon_core.environment[0m [1;30mLevel 1[0m create_file_with_runtime_dependencies(C:\Users\engr-ugaif\IF2022-ros-sensors-workflow\ros-ecosystem\install\share\colcon-core\packages\tau_lidar_pub)
[8.070s] [34mcolcon.colcon_core.environment[0m [1;30mLevel 1[0m checking 'C:\Users\engr-ugaif\IF2022-ros-sensors-workflow\ros-ecosystem\install' for CMake module files
[8.070s] [34mcolcon.colcon_core.environment[0m [1;30mLevel 1[0m checking 'C:\Users\engr-ugaif\IF2022-ros-sensors-workflow\ros-ecosystem\install' for CMake config files
[8.080s] [34mcolcon.colcon_core.environment[0m [1;30mLevel 1[0m checking 'C:\Users\engr-ugaif\IF2022-ros-sensors-workflow\ros-ecosystem\install\bin'
[8.080s] [34mcolcon.colcon_core.environment[0m [1;30mLevel 1[0m checking 'C:\Users\engr-ugaif\IF2022-ros-sensors-workflow\ros-ecosystem\install\bin'
[8.080s] [34mcolcon.colcon_core.environment[0m [1;30mLevel 1[0m checking 'C:\Users\engr-ugaif\IF2022-ros-sensors-workflow\ros-ecosystem\install\lib\pkgconfig\webcam_publisher.pc'
[8.080s] [34mcolcon.colcon_core.environment[0m [1;30mLevel 1[0m checking 'C:\Users\engr-ugaif\IF2022-ros-sensors-workflow\ros-ecosystem\install\Lib\site-packages'
[8.080s] [34mcolcon.colcon_core.shell[0m [1;30mLevel 1[0m create_environment_hook('webcam_publisher', 'pythonpath')
[8.080s] [34mcolcon.colcon_core.shell[0m [1;30mINFO[0m Creating environment hook 'C:\Users\engr-ugaif\IF2022-ros-sensors-workflow\ros-ecosystem\install\share\webcam_publisher\hook\pythonpath.ps1'
[8.080s] [34mcolcon.colcon_core.event_handler.log_command[0m [1;30mDEBUG[0m [32mInvoked command in 'C:\Users\engr-ugaif\IF2022-ros-sensors-workflow\ros-ecosystem\src\webcam_publisher' returned '0': PYTHONPATH=C:\Users\engr-ugaif\IF2022-ros-sensors-workflow\ros-ecosystem\install\Lib\site-packages;%PYTHONPATH% c:\opt\ros\humble\x64\python.exe setup.py egg_info --egg-base ..\..\build\webcam_publisher build --build-base C:\Users\engr-ugaif\IF2022-ros-sensors-workflow\ros-ecosystem\build\webcam_publisher\build install --prefix C:\Users\engr-ugaif\IF2022-ros-sensors-workflow\ros-ecosystem\install --record C:\Users\engr-ugaif\IF2022-ros-sensors-workflow\ros-ecosystem\build\webcam_publisher\install.log --single-version-externally-managed[0m
[8.080s] [34mcolcon.colcon_core.shell[0m [1;30mINFO[0m Creating environment hook 'C:\Users\engr-ugaif\IF2022-ros-sensors-workflow\ros-ecosystem\install\share\webcam_publisher\hook\pythonpath.bat'
[8.090s] [34mcolcon.colcon_core.shell[0m [1;30mINFO[0m Creating environment descriptor 'C:\Users\engr-ugaif\IF2022-ros-sensors-workflow\ros-ecosystem\install\share\webcam_publisher\hook\pythonpath.dsv'
[8.090s] [34mcolcon.colcon_core.environment[0m [1;30mLevel 1[0m checking 'C:\Users\engr-ugaif\IF2022-ros-sensors-workflow\ros-ecosystem\install\Scripts'
[8.090s] [34mcolcon.colcon_core.environment[0m [1;30mLevel 1[0m create_environment_scripts_only(webcam_publisher)
[8.100s] [34mcolcon.colcon_core.shell[0m [1;30mINFO[0m Creating package script 'C:\Users\engr-ugaif\IF2022-ros-sensors-workflow\ros-ecosystem\install\share\webcam_publisher\package.ps1'
[8.100s] [34mcolcon.colcon_core.shell[0m [1;30mINFO[0m Creating package script 'C:\Users\engr-ugaif\IF2022-ros-sensors-workflow\ros-ecosystem\install\share\webcam_publisher\package.bat'
[8.100s] [34mcolcon.colcon_core.shell[0m [1;30mINFO[0m Creating package descriptor 'C:\Users\engr-ugaif\IF2022-ros-sensors-workflow\ros-ecosystem\install\share\webcam_publisher\package.dsv'
[8.110s] [34mcolcon.colcon_core.environment[0m [1;30mLevel 1[0m create_file_with_runtime_dependencies(C:\Users\engr-ugaif\IF2022-ros-sensors-workflow\ros-ecosystem\install\share\colcon-core\packages\webcam_publisher)
[8.110s] [34mcolcon.colcon_parallel_executor.executor.parallel[0m [1;30mDEBUG[0m [32mrun_until_complete finished with '0'[0m
[8.110s] [34mcolcon.colcon_core.event_reactor[0m [1;30mDEBUG[0m [32mjoining thread[0m
[8.133s] [34mcolcon.colcon_core.plugin_system[0m [1;30mINFO[0m Skipping extension 'colcon_notification.desktop_notification.notify2': 'notify2' not found
[8.133s] [34mcolcon.colcon_core.plugin_system[0m [1;30mINFO[0m Skipping extension 'colcon_notification.desktop_notification.notify_send': Not used on non-Linux systems
[8.133s] [34mcolcon.colcon_core.plugin_system[0m [1;30mINFO[0m Skipping extension 'colcon_notification.desktop_notification.terminal_notifier': Not used on non-Darwin systems
[8.133s] [34mcolcon.colcon_notification.desktop_notification[0m [1;30mINFO[0m Sending desktop notification using 'win32'
[13.176s] [34mcolcon.colcon_core.event_reactor[0m [1;30mDEBUG[0m [32mjoined thread[0m
[13.182s] [34mcolcon.colcon_core.shell[0m [1;30mINFO[0m Creating prefix script 'C:\Users\engr-ugaif\IF2022-ros-sensors-workflow\ros-ecosystem\install\local_setup.ps1'
[13.187s] [34mcolcon.colcon_core.shell[0m [1;30mINFO[0m Creating prefix util module 'C:\Users\engr-ugaif\IF2022-ros-sensors-workflow\ros-ecosystem\install\_local_setup_util_ps1.py'
[13.192s] [34mcolcon.colcon_core.shell[0m [1;30mINFO[0m Creating prefix chain script 'C:\Users\engr-ugaif\IF2022-ros-sensors-workflow\ros-ecosystem\install\setup.ps1'
[13.201s] [34mcolcon.colcon_core.shell[0m [1;30mINFO[0m Creating prefix script 'C:\Users\engr-ugaif\IF2022-ros-sensors-workflow\ros-ecosystem\install\local_setup.bat'
[13.205s] [34mcolcon.colcon_core.shell[0m [1;30mINFO[0m Creating prefix util module 'C:\Users\engr-ugaif\IF2022-ros-sensors-workflow\ros-ecosystem\install\_local_setup_util_bat.py'
[13.210s] [34mcolcon.colcon_core.shell[0m [1;30mINFO[0m Creating prefix chain script 'C:\Users\engr-ugaif\IF2022-ros-sensors-workflow\ros-ecosystem\install\setup.bat'
