[3.469s] Invoking command in 'C:\Users\engr-ugaif\IF2022-ros-sensors-workflow\ros-ecosystem\src\webcam_capture': PYTHONPATH=C:\Users\engr-ugaif\IF2022-ros-sensors-workflow\ros-ecosystem\install\Lib\site-packages;%PYTHONPATH% c:\opt\ros\humble\x64\python.exe setup.py egg_info --egg-base ..\..\build\webcam_capture build --build-base C:\Users\engr-ugaif\IF2022-ros-sensors-workflow\ros-ecosystem\build\webcam_capture\build install --prefix C:\Users\engr-ugaif\IF2022-ros-sensors-workflow\ros-ecosystem\install --record C:\Users\engr-ugaif\IF2022-ros-sensors-workflow\ros-ecosystem\build\webcam_capture\install.log --single-version-externally-managed
[4.562s] running egg_info
[4.562s] creating ..\..\build\webcam_capture\webcam_capture.egg-info
[4.562s] writing ..\..\build\webcam_capture\webcam_capture.egg-info\PKG-INFO
[4.562s] writing dependency_links to ..\..\build\webcam_capture\webcam_capture.egg-info\dependency_links.txt
[4.562s] writing entry points to ..\..\build\webcam_capture\webcam_capture.egg-info\entry_points.txt
[4.562s] writing requirements to ..\..\build\webcam_capture\webcam_capture.egg-info\requires.txt
[4.562s] writing top-level names to ..\..\build\webcam_capture\webcam_capture.egg-info\top_level.txt
[4.578s] writing manifest file '..\..\build\webcam_capture\webcam_capture.egg-info\SOURCES.txt'
[4.578s] reading manifest file '..\..\build\webcam_capture\webcam_capture.egg-info\SOURCES.txt'
[4.578s] writing manifest file '..\..\build\webcam_capture\webcam_capture.egg-info\SOURCES.txt'
[4.594s] running build
[4.594s] running build_py
[4.594s] creating C:\Users\engr-ugaif\IF2022-ros-sensors-workflow\ros-ecosystem\build\webcam_capture\build
[4.594s] creating C:\Users\engr-ugaif\IF2022-ros-sensors-workflow\ros-ecosystem\build\webcam_capture\build\lib
[4.594s] creating C:\Users\engr-ugaif\IF2022-ros-sensors-workflow\ros-ecosystem\build\webcam_capture\build\lib\webcam_capture
[4.594s] copying webcam_capture\webcab_publisher.py -> C:\Users\engr-ugaif\IF2022-ros-sensors-workflow\ros-ecosystem\build\webcam_capture\build\lib\webcam_capture
[4.594s] copying webcam_capture\__init__.py -> C:\Users\engr-ugaif\IF2022-ros-sensors-workflow\ros-ecosystem\build\webcam_capture\build\lib\webcam_capture
[4.594s] running install
[4.594s] running install_lib
[4.594s] creating C:\Users\engr-ugaif\IF2022-ros-sensors-workflow\ros-ecosystem\install\Lib\site-packages\webcam_capture
[4.594s] copying C:\Users\engr-ugaif\IF2022-ros-sensors-workflow\ros-ecosystem\build\webcam_capture\build\lib\webcam_capture\webcab_publisher.py -> C:\Users\engr-ugaif\IF2022-ros-sensors-workflow\ros-ecosystem\install\Lib\site-packages\webcam_capture
[4.594s] copying C:\Users\engr-ugaif\IF2022-ros-sensors-workflow\ros-ecosystem\build\webcam_capture\build\lib\webcam_capture\__init__.py -> C:\Users\engr-ugaif\IF2022-ros-sensors-workflow\ros-ecosystem\install\Lib\site-packages\webcam_capture
[4.594s] byte-compiling C:\Users\engr-ugaif\IF2022-ros-sensors-workflow\ros-ecosystem\install\Lib\site-packages\webcam_capture\webcab_publisher.py to webcab_publisher.cpython-310.pyc
[4.609s] byte-compiling C:\Users\engr-ugaif\IF2022-ros-sensors-workflow\ros-ecosystem\install\Lib\site-packages\webcam_capture\__init__.py to __init__.cpython-310.pyc
[4.609s] running install_data
[4.609s] copying resource\webcam_capture -> C:\Users\engr-ugaif\IF2022-ros-sensors-workflow\ros-ecosystem\install\share\ament_index\resource_index\packages
[4.609s] copying package.xml -> C:\Users\engr-ugaif\IF2022-ros-sensors-workflow\ros-ecosystem\install\share\webcam_capture
[4.625s] running install_egg_info
[4.625s] Copying ..\..\build\webcam_capture\webcam_capture.egg-info to C:\Users\engr-ugaif\IF2022-ros-sensors-workflow\ros-ecosystem\install\Lib\site-packages\webcam_capture-0.0.0-py3.10.egg-info
[4.656s] running install_scripts
[4.687s] Installing webcab_publisher-script.py script to C:\Users\engr-ugaif\IF2022-ros-sensors-workflow\ros-ecosystem\install\lib\webcam_capture
[4.687s] Installing webcab_publisher.exe script to C:\Users\engr-ugaif\IF2022-ros-sensors-workflow\ros-ecosystem\install\lib\webcam_capture
[4.703s] writing list of installed files to 'C:\Users\engr-ugaif\IF2022-ros-sensors-workflow\ros-ecosystem\build\webcam_capture\install.log'
[4.719s] Invoked command in 'C:\Users\engr-ugaif\IF2022-ros-sensors-workflow\ros-ecosystem\src\webcam_capture' returned '0': PYTHONPATH=C:\Users\engr-ugaif\IF2022-ros-sensors-workflow\ros-ecosystem\install\Lib\site-packages;%PYTHONPATH% c:\opt\ros\humble\x64\python.exe setup.py egg_info --egg-base ..\..\build\webcam_capture build --build-base C:\Users\engr-ugaif\IF2022-ros-sensors-workflow\ros-ecosystem\build\webcam_capture\build install --prefix C:\Users\engr-ugaif\IF2022-ros-sensors-workflow\ros-ecosystem\install --record C:\Users\engr-ugaif\IF2022-ros-sensors-workflow\ros-ecosystem\build\webcam_capture\install.log --single-version-externally-managed
