[4.656s] Invoking command in 'C:\Users\engr-ugaif\IF2022-ros-sensors-workflow\ros-ecosystem\src\tau_lidar_pub': PYTHONPATH=C:\Users\engr-ugaif\IF2022-ros-sensors-workflow\ros-ecosystem\install\Lib\site-packages;%PYTHONPATH% c:\opt\ros\humble\x64\python.exe setup.py egg_info --egg-base ..\..\build\tau_lidar_pub build --build-base C:\Users\engr-ugaif\IF2022-ros-sensors-workflow\ros-ecosystem\build\tau_lidar_pub\build install --prefix C:\Users\engr-ugaif\IF2022-ros-sensors-workflow\ros-ecosystem\install --record C:\Users\engr-ugaif\IF2022-ros-sensors-workflow\ros-ecosystem\build\tau_lidar_pub\install.log --single-version-externally-managed
[5.797s] running egg_info
[5.797s] writing ..\..\build\tau_lidar_pub\tau_lidar_pub.egg-info\PKG-INFO
[5.797s] writing dependency_links to ..\..\build\tau_lidar_pub\tau_lidar_pub.egg-info\dependency_links.txt
[5.797s] writing entry points to ..\..\build\tau_lidar_pub\tau_lidar_pub.egg-info\entry_points.txt
[5.797s] writing requirements to ..\..\build\tau_lidar_pub\tau_lidar_pub.egg-info\requires.txt
[5.797s] writing top-level names to ..\..\build\tau_lidar_pub\tau_lidar_pub.egg-info\top_level.txt
[5.812s] reading manifest file '..\..\build\tau_lidar_pub\tau_lidar_pub.egg-info\SOURCES.txt'
[5.812s] writing manifest file '..\..\build\tau_lidar_pub\tau_lidar_pub.egg-info\SOURCES.txt'
[5.812s] running build
[5.812s] running build_py
[5.812s] running install
[5.812s] running install_lib
[5.812s] running install_data
[5.812s] running install_egg_info
[5.828s] removing 'C:\Users\engr-ugaif\IF2022-ros-sensors-workflow\ros-ecosystem\install\Lib\site-packages\tau_lidar_pub-0.0.0-py3.10.egg-info' (and everything under it)
[5.828s] Copying ..\..\build\tau_lidar_pub\tau_lidar_pub.egg-info to C:\Users\engr-ugaif\IF2022-ros-sensors-workflow\ros-ecosystem\install\Lib\site-packages\tau_lidar_pub-0.0.0-py3.10.egg-info
[5.859s] running install_scripts
[5.891s] writing list of installed files to 'C:\Users\engr-ugaif\IF2022-ros-sensors-workflow\ros-ecosystem\build\tau_lidar_pub\install.log'
[5.922s] Invoked command in 'C:\Users\engr-ugaif\IF2022-ros-sensors-workflow\ros-ecosystem\src\tau_lidar_pub' returned '0': PYTHONPATH=C:\Users\engr-ugaif\IF2022-ros-sensors-workflow\ros-ecosystem\install\Lib\site-packages;%PYTHONPATH% c:\opt\ros\humble\x64\python.exe setup.py egg_info --egg-base ..\..\build\tau_lidar_pub build --build-base C:\Users\engr-ugaif\IF2022-ros-sensors-workflow\ros-ecosystem\build\tau_lidar_pub\build install --prefix C:\Users\engr-ugaif\IF2022-ros-sensors-workflow\ros-ecosystem\install --record C:\Users\engr-ugaif\IF2022-ros-sensors-workflow\ros-ecosystem\build\tau_lidar_pub\install.log --single-version-externally-managed
