[3.297s] Invoking command in 'C:\Users\engr-ugaif\IF2022-ros-sensors-workflow\ros-ecosystem\src\webcam_publisher': PYTHONPATH=C:\Users\engr-ugaif\IF2022-ros-sensors-workflow\ros-ecosystem\install\Lib\site-packages;%PYTHONPATH% c:\opt\ros\humble\x64\python.exe setup.py egg_info --egg-base ..\..\build\webcam_publisher build --build-base C:\Users\engr-ugaif\IF2022-ros-sensors-workflow\ros-ecosystem\build\webcam_publisher\build install --prefix C:\Users\engr-ugaif\IF2022-ros-sensors-workflow\ros-ecosystem\install --record C:\Users\engr-ugaif\IF2022-ros-sensors-workflow\ros-ecosystem\build\webcam_publisher\install.log --single-version-externally-managed
[4.406s] running egg_info
[4.406s] writing ..\..\build\webcam_publisher\webcam_publisher.egg-info\PKG-INFO
[4.406s] writing dependency_links to ..\..\build\webcam_publisher\webcam_publisher.egg-info\dependency_links.txt
[4.422s] writing entry points to ..\..\build\webcam_publisher\webcam_publisher.egg-info\entry_points.txt
[4.422s] writing requirements to ..\..\build\webcam_publisher\webcam_publisher.egg-info\requires.txt
[4.422s] writing top-level names to ..\..\build\webcam_publisher\webcam_publisher.egg-info\top_level.txt
[4.422s] reading manifest file '..\..\build\webcam_publisher\webcam_publisher.egg-info\SOURCES.txt'
[4.422s] writing manifest file '..\..\build\webcam_publisher\webcam_publisher.egg-info\SOURCES.txt'
[4.422s] running build
[4.422s] running build_py
[4.438s] running install
[4.438s] running install_lib
[4.438s] running install_data
[4.438s] running install_egg_info
[4.438s] removing 'C:\Users\engr-ugaif\IF2022-ros-sensors-workflow\ros-ecosystem\install\Lib\site-packages\webcam_publisher-0.0.0-py3.10.egg-info' (and everything under it)
[4.453s] Copying ..\..\build\webcam_publisher\webcam_publisher.egg-info to C:\Users\engr-ugaif\IF2022-ros-sensors-workflow\ros-ecosystem\install\Lib\site-packages\webcam_publisher-0.0.0-py3.10.egg-info
[4.469s] running install_scripts
[4.500s] Installing pub-script.py script to C:\Users\engr-ugaif\IF2022-ros-sensors-workflow\ros-ecosystem\install\lib\webcam_publisher
[4.500s] Installing pub.exe script to C:\Users\engr-ugaif\IF2022-ros-sensors-workflow\ros-ecosystem\install\lib\webcam_publisher
[4.516s] writing list of installed files to 'C:\Users\engr-ugaif\IF2022-ros-sensors-workflow\ros-ecosystem\build\webcam_publisher\install.log'
[4.547s] Invoked command in 'C:\Users\engr-ugaif\IF2022-ros-sensors-workflow\ros-ecosystem\src\webcam_publisher' returned '0': PYTHONPATH=C:\Users\engr-ugaif\IF2022-ros-sensors-workflow\ros-ecosystem\install\Lib\site-packages;%PYTHONPATH% c:\opt\ros\humble\x64\python.exe setup.py egg_info --egg-base ..\..\build\webcam_publisher build --build-base C:\Users\engr-ugaif\IF2022-ros-sensors-workflow\ros-ecosystem\build\webcam_publisher\build install --prefix C:\Users\engr-ugaif\IF2022-ros-sensors-workflow\ros-ecosystem\install --record C:\Users\engr-ugaif\IF2022-ros-sensors-workflow\ros-ecosystem\build\webcam_publisher\install.log --single-version-externally-managed
