-- Selecting Windows SDK version 10.0.16299.0 to target Windows 10.0.19044.
-- The C compiler identification is MSVC 19.29.30146.0
-- The CXX compiler identification is MSVC 19.29.30146.0
-- Detecting C compiler ABI info
-- Detecting C compiler ABI info - done
-- Check for working C compiler: C:/Program Files (x86)/Microsoft Visual Studio/2019/Community/VC/Tools/MSVC/14.29.30133/bin/Hostx64/x64/cl.exe - skipped
-- Detecting C compile features
-- Detecting C compile features - done
-- Detecting CXX compiler ABI info
-- Detecting CXX compiler ABI info - done
-- Check for working CXX compiler: C:/Program Files (x86)/Microsoft Visual Studio/2019/Community/VC/Tools/MSVC/14.29.30133/bin/Hostx64/x64/cl.exe - skipped
-- Detecting CXX compile features
-- Detecting CXX compile features - done
-- Found ament_cmake: 1.3.3 (C:/opt/ros/humble/x64/share/ament_cmake/cmake)
-- Found Python3: C:/opt/ros/humble/x64/python3.exe (found version "3.10.6") found components: Interpreter 
-- Found ament_lint_auto: 0.12.4 (C:/opt/ros/humble/x64/share/ament_lint_auto/cmake)
-- Added test 'copyright' to check source files copyright and LICENSE
-- Added test 'flake8' to check Python code syntax and style conventions
-- Added test 'lint_cmake' to check CMake code style
-- Added test 'pep257' to check Python code against some of the docstring style conventions in PEP 257
-- Added test 'xmllint' to check XML markup files
-- Configuring done
-- Generating done
-- Build files have been written to: C:/Users/engr-ugaif/ros2_ws/build/mediapipe_ros
Microsoft (R) Build Engine version 16.11.2+f32259642 for .NET Framework
Copyright (C) Microsoft Corporation. All rights reserved.

  Checking Build System
  Building Custom Rule C:/Users/engr-ugaif/ros2_ws/src/ros2_mediapipe/CMakeLists.txt
  running egg_info
  creating mediapipe_ros.egg-info
  writing mediapipe_ros.egg-info\PKG-INFO
  writing dependency_links to mediapipe_ros.egg-info\dependency_links.txt
  writing top-level names to mediapipe_ros.egg-info\top_level.txt
  writing manifest file 'mediapipe_ros.egg-info\SOURCES.txt'
  reading manifest file 'mediapipe_ros.egg-info\SOURCES.txt'
  writing manifest file 'mediapipe_ros.egg-info\SOURCES.txt'
  Building Custom Rule C:/Users/engr-ugaif/ros2_ws/src/ros2_mediapipe/CMakeLists.txt
  Building Custom Rule C:/Users/engr-ugaif/ros2_ws/src/ros2_mediapipe/CMakeLists.txt
-- Installing: C:/Users/engr-ugaif/ros2_ws/install/mediapipe_ros/share/mediapipe_ros/environment/pythonpath.bat
-- Installing: C:/Users/engr-ugaif/ros2_ws/install/mediapipe_ros/share/mediapipe_ros/environment/pythonpath.dsv
-- Installing: C:/Users/engr-ugaif/ros2_ws/install/mediapipe_ros/Lib/site-packages/mediapipe_ros-0.1.0-py3.10.egg-info
-- Installing: C:/Users/engr-ugaif/ros2_ws/install/mediapipe_ros/Lib/site-packages/mediapipe_ros-0.1.0-py3.10.egg-info/dependency_links.txt
-- Installing: C:/Users/engr-ugaif/ros2_ws/install/mediapipe_ros/Lib/site-packages/mediapipe_ros-0.1.0-py3.10.egg-info/PKG-INFO
-- Installing: C:/Users/engr-ugaif/ros2_ws/install/mediapipe_ros/Lib/site-packages/mediapipe_ros-0.1.0-py3.10.egg-info/SOURCES.txt
-- Installing: C:/Users/engr-ugaif/ros2_ws/install/mediapipe_ros/Lib/site-packages/mediapipe_ros-0.1.0-py3.10.egg-info/top_level.txt
-- Installing: C:/Users/engr-ugaif/ros2_ws/install/mediapipe_ros/Lib/site-packages/mediapipe_ros
-- Installing: C:/Users/engr-ugaif/ros2_ws/install/mediapipe_ros/Lib/site-packages/mediapipe_ros/__init__.py
Listing 'C:/Users/engr-ugaif/ros2_ws/install/mediapipe_ros/Lib/site-packages/mediapipe_ros'...
Compiling 'C:/Users/engr-ugaif/ros2_ws/install/mediapipe_ros/Lib/site-packages/mediapipe_ros\\__init__.py'...
-- Installing: C:/Users/engr-ugaif/ros2_ws/install/mediapipe_ros/lib/mediapipe_ros/pose_detector
-- Installing: C:/Users/engr-ugaif/ros2_ws/install/mediapipe_ros/share/ament_index/resource_index/package_run_dependencies/mediapipe_ros
-- Installing: C:/Users/engr-ugaif/ros2_ws/install/mediapipe_ros/share/ament_index/resource_index/parent_prefix_path/mediapipe_ros
-- Installing: C:/Users/engr-ugaif/ros2_ws/install/mediapipe_ros/share/mediapipe_ros/environment/ament_prefix_path.bat
-- Installing: C:/Users/engr-ugaif/ros2_ws/install/mediapipe_ros/share/mediapipe_ros/environment/ament_prefix_path.dsv
-- Installing: C:/Users/engr-ugaif/ros2_ws/install/mediapipe_ros/share/mediapipe_ros/environment/path.bat
-- Installing: C:/Users/engr-ugaif/ros2_ws/install/mediapipe_ros/share/mediapipe_ros/environment/path.dsv
-- Installing: C:/Users/engr-ugaif/ros2_ws/install/mediapipe_ros/share/mediapipe_ros/local_setup.bat
-- Installing: C:/Users/engr-ugaif/ros2_ws/install/mediapipe_ros/share/mediapipe_ros/local_setup.dsv
-- Installing: C:/Users/engr-ugaif/ros2_ws/install/mediapipe_ros/share/mediapipe_ros/package.dsv
-- Installing: C:/Users/engr-ugaif/ros2_ws/install/mediapipe_ros/share/ament_index/resource_index/packages/mediapipe_ros
-- Installing: C:/Users/engr-ugaif/ros2_ws/install/mediapipe_ros/share/mediapipe_ros/cmake/mediapipe_rosConfig.cmake
-- Installing: C:/Users/engr-ugaif/ros2_ws/install/mediapipe_ros/share/mediapipe_ros/cmake/mediapipe_rosConfig-version.cmake
-- Installing: C:/Users/engr-ugaif/ros2_ws/install/mediapipe_ros/share/mediapipe_ros/package.xml
