[0.438s] Invoking command in 'C:\Users\engr-ugaif\ros2_ws\build\mediapipe_ros': C:\opt\ros\humble\x64\Scripts\cmake.EXE C:\Users\engr-ugaif\ros2_ws\src\ros2_mediapipe -DCMAKE_INSTALL_PREFIX=C:\Users\engr-ugaif\ros2_ws\install\mediapipe_ros -G Visual Studio 16 2019
[1.516s] -- Selecting Windows SDK version 10.0.16299.0 to target Windows 10.0.19044.
[6.938s] -- The C compiler identification is MSVC 19.29.30146.0
[8.079s] -- The CXX compiler identification is MSVC 19.29.30146.0
[8.188s] -- Detecting C compiler ABI info
[9.204s] -- Detecting C compiler ABI info - done
[9.204s] -- Check for working C compiler: C:/Program Files (x86)/Microsoft Visual Studio/2019/Community/VC/Tools/MSVC/14.29.30133/bin/Hostx64/x64/cl.exe - skipped
[9.204s] -- Detecting C compile features
[9.219s] -- Detecting C compile features - done
[9.235s] -- Detecting CXX compiler ABI info
[10.235s] -- Detecting CXX compiler ABI info - done
[10.235s] -- Check for working CXX compiler: C:/Program Files (x86)/Microsoft Visual Studio/2019/Community/VC/Tools/MSVC/14.29.30133/bin/Hostx64/x64/cl.exe - skipped
[10.235s] -- Detecting CXX compile features
[10.235s] -- Detecting CXX compile features - done
[10.266s] -- Found ament_cmake: 1.3.3 (C:/opt/ros/humble/x64/share/ament_cmake/cmake)
[14.407s] -- Found Python3: C:/opt/ros/humble/x64/python3.exe (found version "3.10.6") found components: Interpreter 
[15.297s] -- Found ament_lint_auto: 0.12.4 (C:/opt/ros/humble/x64/share/ament_lint_auto/cmake)
[15.750s] -- Added test 'copyright' to check source files copyright and LICENSE
[15.782s] -- Added test 'flake8' to check Python code syntax and style conventions
[15.813s] -- Added test 'lint_cmake' to check CMake code style
[15.829s] -- Added test 'pep257' to check Python code against some of the docstring style conventions in PEP 257
[15.844s] -- Added test 'xmllint' to check XML markup files
[15.938s] -- Configuring done
[16.172s] -- Generating done
[16.188s] -- Build files have been written to: C:/Users/engr-ugaif/ros2_ws/build/mediapipe_ros
[16.204s] Invoked command in 'C:\Users\engr-ugaif\ros2_ws\build\mediapipe_ros' returned '0': C:\opt\ros\humble\x64\Scripts\cmake.EXE C:\Users\engr-ugaif\ros2_ws\src\ros2_mediapipe -DCMAKE_INSTALL_PREFIX=C:\Users\engr-ugaif\ros2_ws\install\mediapipe_ros -G Visual Studio 16 2019
[16.204s] Invoking command in 'C:\Users\engr-ugaif\ros2_ws\build\mediapipe_ros': CL=/MP C:\opt\ros\humble\x64\Scripts\cmake.EXE --build C:\Users\engr-ugaif\ros2_ws\build\mediapipe_ros --config Release
[16.547s] Microsoft (R) Build Engine version 16.11.2+f32259642 for .NET Framework
[16.547s] Copyright (C) Microsoft Corporation. All rights reserved.
[16.547s] 
[16.907s]   Checking Build System
[17.250s]   Building Custom Rule C:/Users/engr-ugaif/ros2_ws/src/ros2_mediapipe/CMakeLists.txt
[18.922s]   running egg_info
[18.922s]   creating mediapipe_ros.egg-info
[19.000s]   writing mediapipe_ros.egg-info\PKG-INFO
[19.000s]   writing dependency_links to mediapipe_ros.egg-info\dependency_links.txt
[19.000s]   writing top-level names to mediapipe_ros.egg-info\top_level.txt
[19.000s]   writing manifest file 'mediapipe_ros.egg-info\SOURCES.txt'
[19.219s]   reading manifest file 'mediapipe_ros.egg-info\SOURCES.txt'
[19.219s]   writing manifest file 'mediapipe_ros.egg-info\SOURCES.txt'
[19.266s]   Building Custom Rule C:/Users/engr-ugaif/ros2_ws/src/ros2_mediapipe/CMakeLists.txt
[19.438s]   Building Custom Rule C:/Users/engr-ugaif/ros2_ws/src/ros2_mediapipe/CMakeLists.txt
[19.579s] Invoked command in 'C:\Users\engr-ugaif\ros2_ws\build\mediapipe_ros' returned '0': CL=/MP C:\opt\ros\humble\x64\Scripts\cmake.EXE --build C:\Users\engr-ugaif\ros2_ws\build\mediapipe_ros --config Release
[19.813s] Invoking command in 'C:\Users\engr-ugaif\ros2_ws\build\mediapipe_ros': C:\opt\ros\humble\x64\Scripts\cmake.EXE --install C:\Users\engr-ugaif\ros2_ws\build\mediapipe_ros --config Release
[20.047s] -- Installing: C:/Users/engr-ugaif/ros2_ws/install/mediapipe_ros/share/mediapipe_ros/environment/pythonpath.bat
[20.047s] -- Installing: C:/Users/engr-ugaif/ros2_ws/install/mediapipe_ros/share/mediapipe_ros/environment/pythonpath.dsv
[20.047s] -- Installing: C:/Users/engr-ugaif/ros2_ws/install/mediapipe_ros/Lib/site-packages/mediapipe_ros-0.1.0-py3.10.egg-info
[20.047s] -- Installing: C:/Users/engr-ugaif/ros2_ws/install/mediapipe_ros/Lib/site-packages/mediapipe_ros-0.1.0-py3.10.egg-info/dependency_links.txt
[20.063s] -- Installing: C:/Users/engr-ugaif/ros2_ws/install/mediapipe_ros/Lib/site-packages/mediapipe_ros-0.1.0-py3.10.egg-info/PKG-INFO
[20.063s] -- Installing: C:/Users/engr-ugaif/ros2_ws/install/mediapipe_ros/Lib/site-packages/mediapipe_ros-0.1.0-py3.10.egg-info/SOURCES.txt
[20.063s] -- Installing: C:/Users/engr-ugaif/ros2_ws/install/mediapipe_ros/Lib/site-packages/mediapipe_ros-0.1.0-py3.10.egg-info/top_level.txt
[20.079s] -- Installing: C:/Users/engr-ugaif/ros2_ws/install/mediapipe_ros/Lib/site-packages/mediapipe_ros
[20.079s] -- Installing: C:/Users/engr-ugaif/ros2_ws/install/mediapipe_ros/Lib/site-packages/mediapipe_ros/__init__.py
[20.188s] Listing 'C:/Users/engr-ugaif/ros2_ws/install/mediapipe_ros/Lib/site-packages/mediapipe_ros'...
[20.188s] Compiling 'C:/Users/engr-ugaif/ros2_ws/install/mediapipe_ros/Lib/site-packages/mediapipe_ros\\__init__.py'...
[20.204s] -- Installing: C:/Users/engr-ugaif/ros2_ws/install/mediapipe_ros/lib/mediapipe_ros/pose_detector
[20.204s] -- Installing: C:/Users/engr-ugaif/ros2_ws/install/mediapipe_ros/share/ament_index/resource_index/package_run_dependencies/mediapipe_ros
[20.219s] -- Installing: C:/Users/engr-ugaif/ros2_ws/install/mediapipe_ros/share/ament_index/resource_index/parent_prefix_path/mediapipe_ros
[20.219s] -- Installing: C:/Users/engr-ugaif/ros2_ws/install/mediapipe_ros/share/mediapipe_ros/environment/ament_prefix_path.bat
[20.219s] -- Installing: C:/Users/engr-ugaif/ros2_ws/install/mediapipe_ros/share/mediapipe_ros/environment/ament_prefix_path.dsv
[20.235s] -- Installing: C:/Users/engr-ugaif/ros2_ws/install/mediapipe_ros/share/mediapipe_ros/environment/path.bat
[20.235s] -- Installing: C:/Users/engr-ugaif/ros2_ws/install/mediapipe_ros/share/mediapipe_ros/environment/path.dsv
[20.235s] -- Installing: C:/Users/engr-ugaif/ros2_ws/install/mediapipe_ros/share/mediapipe_ros/local_setup.bat
[20.235s] -- Installing: C:/Users/engr-ugaif/ros2_ws/install/mediapipe_ros/share/mediapipe_ros/local_setup.dsv
[20.250s] -- Installing: C:/Users/engr-ugaif/ros2_ws/install/mediapipe_ros/share/mediapipe_ros/package.dsv
[20.250s] -- Installing: C:/Users/engr-ugaif/ros2_ws/install/mediapipe_ros/share/ament_index/resource_index/packages/mediapipe_ros
[20.250s] -- Installing: C:/Users/engr-ugaif/ros2_ws/install/mediapipe_ros/share/mediapipe_ros/cmake/mediapipe_rosConfig.cmake
[20.250s] -- Installing: C:/Users/engr-ugaif/ros2_ws/install/mediapipe_ros/share/mediapipe_ros/cmake/mediapipe_rosConfig-version.cmake
[20.266s] -- Installing: C:/Users/engr-ugaif/ros2_ws/install/mediapipe_ros/share/mediapipe_ros/package.xml
[20.282s] Invoked command in 'C:\Users\engr-ugaif\ros2_ws\build\mediapipe_ros' returned '0': C:\opt\ros\humble\x64\Scripts\cmake.EXE --install C:\Users\engr-ugaif\ros2_ws\build\mediapipe_ros --config Release
